[0.00269894 0.87486994 0.1224312 ],
[0.96959007 0.00456173 0.02584821],
[5.0138234e-04 5.4840879e-03 9.9401456e-01],
[0.12573357 0.00439724 0.8698692 ],
[1.6463922e-05 2.1398342e-05 9.9996209e-01],
[3.7295980e-05 9.9661994e-01 3.3427726e-03],
[0.99089724 0.00166719 0.00743561],
[9.989015e-01 5.438022e-04 5.547010e-04],
[1.1927838e-04 1.3484173e-04 9.9974591e-01],
[9.9951243e-01 2.1228682e-04 2.7528917e-04],
[6.2862574e-04 6.3472972e-03 9.9302411e-01],
[7.5325277e-04 1.8146234e-04 9.9906534e-01],
[0.02321824 0.00179896 0.97498286],
[0.01050344 0.10095044 0.88854617],
[0.9907899  0.00447549 0.00473467],
[0.79998314 0.17507793 0.02493894],
[7.90008111e-04 8.89025390e-01 1.10184655e-01],
[0.00950228 0.00109445 0.98940325],
[0.9776323  0.0033038  0.01906392],
[9.9577302e-01 2.6431179e-04 3.9626323e-03],
[9.1855136e-06 4.9575458e-05 9.9994123e-01],
[0.9517356  0.00755323 0.04071118],
[9.925662e-01 8.983848e-04 6.535309e-03],
[0.9665757  0.01816969 0.01525456],
[9.9912161e-01 3.9205268e-05 8.3920383e-04],
[1.0799969e-03 4.6498018e-05 9.9887353e-01],
[0.9073334  0.01263816 0.08002849],
[0.9194543  0.07642289 0.00412282],
[0.9012994 0.009978  0.0887225],
[0.97166586 0.00449097 0.02384317],
[9.9664044e-01 8.2607486e-04 2.5335087e-03],
[0.00156707 0.8032437  0.1951892 ],
[0.06748399 0.5973714  0.33514464],
[9.9947125e-01 1.6689439e-04 3.6188230e-04],
[9.9713254e-01 3.4614734e-04 2.5213561e-03],
[6.9906317e-05 9.9877626e-01 1.1538487e-03],
[0.9320196  0.05284997 0.01513042],
[6.9579619e-05 9.9890506e-01 1.0253320e-03],
[0.8045339  0.09322271 0.10224342],
[9.9685609e-01 3.0825826e-04 2.8356230e-03],
[9.9753028e-01 4.5169811e-04 2.0180836e-03],
[9.9823594e-01 1.8969020e-04 1.5743345e-03],
[7.6778870e-06 3.3121869e-05 9.9995923e-01],
[9.9613225e-01 3.7219276e-04 3.4955973e-03],
[0.03800924 0.6677462  0.2942446 ],
[0.99388206 0.00118741 0.00493057],
[8.8642840e-04 9.5853680e-01 4.0576775e-02],
[0.00888809 0.00487108 0.9862408 ],
[1.8079125e-05 2.4017256e-05 9.9995792e-01],
[9.0434069e-06 2.7734002e-03 9.9721754e-01],
[2.7853604e-05 3.4071669e-05 9.9993813e-01],
[2.6749076e-05 3.4180273e-05 9.9993908e-01],
[2.6097861e-05 1.8139796e-04 9.9979252e-01],
[0.8630601  0.12546714 0.01147273],
[0.08739271 0.11451763 0.7980897 ],
[2.2177125e-04 7.9505080e-05 9.9969876e-01],
[9.9311876e-01 8.1782410e-04 6.0633831e-03],
[9.9686086e-01 3.0443515e-04 2.8346376e-03],
[9.9835336e-01 1.7431992e-04 1.4722861e-03],
[9.9799418e-01 7.5410600e-05 1.9303521e-03],
[9.9895167e-01 3.4830545e-04 7.0003228e-04],
[0.11244605 0.00923268 0.8783213 ],
[5.367530e-04 1.959017e-04 9.992674e-01],
[0.9870057  0.00219087 0.01080345],
[5.3397096e-05 1.0106785e-04 9.9984550e-01],
[0.18833824 0.04153701 0.7701248 ],
[0.03129782 0.00304384 0.9656583 ],
[1.1393034e-05 3.4655070e-05 9.9995399e-01],
[0.00354654 0.00279413 0.9936593 ],
[1.3020824e-05 1.0535382e-04 9.9988163e-01],
[1.4880411e-05 4.5853645e-05 9.9993920e-01],
[0.62685686 0.3310866  0.04205654],
[9.1413540e-01 7.6039921e-04 8.5104205e-02],
[0.07223149 0.02889686 0.8988716 ],
[0.37782976 0.00360369 0.6185666 ],
[0.00265442 0.00209319 0.9952524 ],
[2.8140841e-03 2.6159713e-04 9.9692434e-01],
[0.00719783 0.8728151  0.11998719],
[9.8366779e-01 3.3197043e-04 1.6000221e-02],
[6.538283e-05 9.998542e-01 8.037525e-05],
[2.3617605e-02 7.6943228e-04 9.7561294e-01],
[0.00175053 0.6468784  0.351371  ],
[0.9933074  0.00178427 0.00490842],
[9.9412680e-01 7.5160834e-04 5.1216269e-03],
[0.28632787 0.59819984 0.11547229],
[0.83670217 0.00269747 0.1606004 ],
[9.98910785e-01 1.10201196e-04 9.79123404e-04],
[5.9025468e-05 4.9326400e-04 9.9944764e-01],
[1.2452729e-03 1.8264717e-04 9.9857211e-01],
[0.30601192 0.00250107 0.69148695],
[0.9921359  0.00142814 0.00643602],
[0.02462503 0.6651624  0.31021264],
[0.00613048 0.00149541 0.9923741 ],
[9.976113e-01 3.839916e-04 2.004738e-03],
[1.6949951e-05 9.9963868e-01 3.4437934e-04],
[0.9931631  0.00102245 0.00581442],
[9.972530e-01 9.357043e-04 1.811329e-03],
[6.3148246e-04 1.2998467e-03 9.9806863e-01],
[9.991885e-01 3.668033e-04 4.447909e-04],
[0.6965     0.00365899 0.29984093],
[1.32409305e-05 4.21165678e-05 9.99944687e-01],
[4.0990952e-04 2.7562602e-04 9.9931443e-01],
[9.9392068e-01 3.2936403e-04 5.7499250e-03],
[0.9547214  0.0069888  0.03828982],
[9.9229616e-01 9.0844266e-04 6.7953453e-03],
[0.9768713  0.00482048 0.01830816],
[0.945913   0.00425945 0.0498275 ],
[0.7970584  0.00148349 0.20145802],
[1.3649329e-05 2.6186714e-05 9.9996018e-01],
[1.5877681e-04 9.8082066e-01 1.9020509e-02],
[9.7533017e-01 3.6590663e-04 2.4303889e-02],
[9.9771297e-01 3.0099627e-04 1.9860319e-03],
[2.9062820e-04 1.2091589e-01 8.7879342e-01],
[0.9318225  0.05490622 0.01327124],
[9.8137820e-01 9.3477609e-04 1.7687034e-02],
[6.3993022e-05 1.1771442e-03 9.9875891e-01],
[0.00122317 0.32627633 0.67250043],
[3.1551192e-04 1.4649582e-04 9.9953806e-01],
[0.5584793  0.00278554 0.43873522],
[9.9958199e-01 2.1217387e-04 2.0578504e-04],
[0.99770194 0.00102051 0.00127766],
[2.7833337e-05 7.9985177e-05 9.9989212e-01],
[9.9877447e-01 1.7153245e-04 1.0539611e-03],
[0.7426619  0.06301298 0.19432516],
[0.94944495 0.0351925  0.01536267],
[0.9667662  0.00320019 0.03003365],
[9.9755836e-01 2.7628441e-04 2.1653792e-03],
[9.9800700e-01 3.3996315e-04 1.6530508e-03],
[5.7782227e-06 2.2473661e-05 9.9997175e-01],
[6.3737098e-05 9.9893051e-01 1.0057264e-03],
[3.8759379e-05 1.3325312e-04 9.9982798e-01],
[6.8272447e-04 2.6038643e-02 9.7327864e-01],
[5.6845415e-06 8.8498573e-06 9.9998546e-01],
[9.8825037e-01 5.4454448e-04 1.1205122e-02],
[1.9087352e-05 8.8656692e-05 9.9989223e-01],
[2.9410307e-05 9.9947244e-01 4.9819279e-04],
[9.8627394e-01 6.6600950e-04 1.3059958e-02],
[0.01730461 0.9017005  0.0809949 ],
[1.0007473e-04 2.6935867e-03 9.9720627e-01],
[2.7744158e-05 7.1664814e-05 9.9990058e-01],
[9.9963474e-01 1.1881318e-04 2.4648596e-04],
[5.8354784e-05 6.2243443e-04 9.9931920e-01],
[9.5927340e-01 1.9585135e-04 4.0530760e-02],
[5.5556131e-05 5.6936125e-05 9.9988747e-01],
[2.8194010e-05 1.3358046e-04 9.9983823e-01],
[0.12080188 0.02872093 0.8504771 ],
[1.7177952e-05 9.4571407e-04 9.9903715e-01],
[0.9180799  0.00152613 0.08039407],
[9.9861693e-01 2.7010217e-04 1.1129740e-03],
[4.6630885e-06 2.0443915e-05 9.9997485e-01],
[1.2186501e-05 1.6697602e-04 9.9982089e-01],
[7.7540419e-05 1.6860055e-05 9.9990559e-01],
[1.6494539e-04 6.3833646e-02 9.3600148e-01],
[9.9373925e-01 8.2382688e-04 5.4369750e-03],
[9.9789739e-01 1.4588523e-04 1.9567877e-03],
[0.00774581 0.00101814 0.9912361 ],
[9.9580306e-01 3.5440322e-04 3.8426274e-03],
[9.9786973e-01 6.6892256e-04 1.4613287e-03],
[0.0015572  0.01143918 0.9870036 ],
[0.7597683  0.11625831 0.12397336],
[0.63312    0.04529793 0.32158205],
[9.9699008e-01 3.6044640e-04 2.6494735e-03],
[9.9962831e-01 5.8118043e-05 3.1352529e-04],
[5.9247491e-06 1.5975418e-05 9.9997807e-01],
[9.9186158e-01 2.5475892e-04 7.8835711e-03],
[0.9571111  0.00420479 0.03868411],
[0.28682658 0.04677923 0.6663942 ],
[0.93664485 0.02783843 0.03551684],
[0.17757578 0.17557955 0.6468446 ],
[0.98612565 0.00843251 0.00544184],
[3.9141673e-06 8.0252517e-05 9.9991584e-01],
[0.92017543 0.02376938 0.05605519],
[0.0016445  0.00259956 0.995756  ],
[1.1298064e-02 8.8188594e-04 9.8782003e-01],
[9.947857e-01 5.610784e-04 4.653238e-03],
[3.3397868e-05 4.9976434e-04 9.9946684e-01],
[9.9262446e-01 3.4586948e-04 7.0296042e-03],
[5.261350e-06 8.349982e-05 9.999112e-01],
[0.1931671  0.76688975 0.03994318],
[9.9884182e-01 5.0939055e-04 6.4885843e-04],
[0.00120924 0.30566213 0.69312865],
[0.11383549 0.5752943  0.31087017],
[9.9604851e-01 8.0489524e-04 3.1465881e-03],
[1.3027223e-05 9.2698130e-05 9.9989426e-01],
[9.9862289e-01 3.0859880e-04 1.0685709e-03],
[0.83775765 0.15665907 0.0055832 ],
[0.97702676 0.00238452 0.02058877],
[9.9955720e-01 1.9002661e-04 2.5268676e-04],
[1.3404261e-04 8.2615355e-05 9.9978334e-01],
[0.97379667 0.00154239 0.02466092],
[9.9946386e-01 5.9926002e-05 4.7625488e-04],
[1.7752062e-04 9.8961288e-01 1.0209535e-02],
[0.6974289  0.04809228 0.25447887],
[0.99088776 0.00132151 0.00779074],
[6.9083901e-05 8.8417306e-05 9.9984252e-01],
[9.8270202e-01 8.6026394e-04 1.6437748e-02],
[9.9685091e-01 1.4913185e-04 2.9999632e-03],
[0.97366047 0.0019105  0.02442896],
[9.9762672e-01 1.5992965e-04 2.2132893e-03],
[9.9695063e-01 9.7062025e-04 2.0787541e-03],
[2.370740e-05 7.852576e-05 9.998977e-01],
[0.35633397 0.00866932 0.63499665],
[9.7758716e-01 9.6879783e-04 2.1444067e-02],
[9.8593605e-01 9.7049348e-04 1.3093539e-02],
[9.9765188e-01 3.7433731e-04 1.9737359e-03],
[9.928518e-01 3.104596e-04 6.837691e-03],
[9.8945493e-01 9.0004026e-04 9.6449684e-03],
[0.99292505 0.00452017 0.0025548 ],
[9.9685800e-01 5.8095489e-04 2.5609573e-03],
[9.9741876e-01 4.6861448e-04 2.1126503e-03],
[0.24471304 0.46569052 0.28959644],
[3.2717772e-04 1.2946491e-01 8.7020797e-01],
[4.3556171e-05 1.0346144e-04 9.9985301e-01],
[9.9953747e-01 6.9492395e-05 3.9306306e-04],
[7.3690881e-06 2.9150397e-05 9.9996352e-01],
[9.9928766e-01 1.6828573e-04 5.4409471e-04],
[9.9263668e-01 3.2734135e-04 7.0359353e-03],
[2.3375457e-02 1.8861848e-04 9.7643596e-01],
[4.4460070e-05 1.6165311e-03 9.9833894e-01],
[0.8751213  0.00506602 0.11981269],
[0.9707381  0.0025748  0.02668708],
[0.94676095 0.0017958  0.05144328],
[5.0529972e-05 1.5802352e-05 9.9993372e-01],
[0.31718007 0.00424739 0.67857254],
[0.11459118 0.01165114 0.87375766],
[1.0424108e-03 1.6842394e-04 9.9878913e-01],
[0.01040771 0.11160083 0.8779915 ],
[0.9233132  0.01160528 0.06508146],
[0.54794586 0.00968928 0.44236484],
[1.08467466e-04 7.09933636e-04 9.99181569e-01],
[9.9918491e-01 1.4610677e-04 6.6887797e-04],
[0.21073681 0.04657567 0.7426875 ],
[2.0171588e-04 8.7704866e-05 9.9971050e-01],
[4.1191565e-06 1.6739774e-04 9.9982846e-01],
[9.991014e-01 5.879168e-04 3.106831e-04],
[0.97053987 0.00117605 0.02828412],
[0.4440069  0.03771048 0.51828265],
[0.5047925  0.00260058 0.49260688],
[0.56860614 0.0191114  0.4122825 ],
[9.9909079e-01 5.6896995e-05 8.5222733e-04],
[7.6087331e-06 3.2411848e-05 9.9995995e-01],
[0.8850344  0.01187683 0.10308876],
[0.04235066 0.02510926 0.93254006],
[0.5929989  0.36916167 0.03783937],
[0.02301455 0.10428292 0.87270254],
[9.9855059e-01 1.1486977e-04 1.3345310e-03],
[2.8247994e-04 4.7196294e-03 9.9499786e-01],
[9.8738384e-01 6.0703658e-04 1.2009076e-02],
[2.4681413e-04 4.6165571e-01 5.3809750e-01],
[9.9686015e-01 9.0171117e-04 2.2380988e-03],
[9.9783832e-01 1.4014641e-04 2.0215872e-03],
[0.12183425 0.00689771 0.87126803],
[9.7800726e-01 3.6391887e-04 2.1628853e-02],
[2.3037658e-04 3.9876477e-04 9.9937087e-01],
[9.9968505e-01 4.8088474e-05 2.6681690e-04],
[2.5592701e-05 1.8070666e-04 9.9979371e-01],
[9.9198467e-01 3.8964156e-04 7.6257391e-03],
[6.1670004e-04 4.2096987e-02 9.5728630e-01],
[2.9088880e-05 1.0090948e-04 9.9986994e-01],
[0.9569762  0.00251279 0.04051112],
[0.00145937 0.02939841 0.9691422 ],
[0.7792571  0.05846813 0.16227481],
[9.9687189e-01 4.1962185e-04 2.7085626e-03],
[4.9634575e-05 8.6075574e-04 9.9908960e-01],
[9.9963820e-01 5.3737196e-05 3.0800124e-04],
[0.9724966  0.00189126 0.02561208],
[0.99124724 0.00224526 0.0065075 ],
[0.990591   0.00224029 0.0071688 ],
[0.08991113 0.6051121  0.30497685],
[0.09579592 0.25846544 0.64573866],
[9.9837106e-01 2.9790532e-04 1.3310584e-03],
[0.00118297 0.6415726  0.3572445 ],
[3.0715935e-05 7.8981815e-05 9.9989033e-01],
[1.1016676e-04 5.9116101e-05 9.9983072e-01],
[1.0580272e-05 2.5181021e-04 9.9973756e-01],
[0.99233246 0.00203979 0.00562773],
[0.9000707  0.0114324  0.08849693],
[0.00790746 0.00174651 0.990346  ],
[0.00573869 0.01809779 0.97616357],
[0.91197103 0.00514072 0.08288823],
[0.33067903 0.00867959 0.66064143],
[0.00496287 0.34717992 0.6478572 ],
[0.0548863  0.06963789 0.8754758 ],
[4.1039943e-04 3.3670632e-04 9.9925286e-01],
[4.6999708e-06 1.6254846e-04 9.9983275e-01],
[1.8106823e-05 5.6118293e-05 9.9992573e-01],
[2.4672362e-04 8.7611806e-03 9.9099207e-01],
[0.9942483  0.00188379 0.00386795],
[0.9950245  0.00299871 0.00197675],
[9.9679559e-01 5.0749694e-04 2.6969002e-03],
[0.9880881  0.00398782 0.00792408],
[9.9860591e-01 6.3411437e-04 7.5998437e-04],
[0.9474525  0.02976847 0.02277899],
[0.99389267 0.00185734 0.00425002],
[9.566453e-04 5.488425e-03 9.935549e-01],
[9.9903440e-01 2.8272503e-04 6.8289408e-04],
[3.6027803e-04 4.1171853e-04 9.9922800e-01],
[9.9927312e-01 9.6577169e-05 6.3032075e-04],
[9.9806255e-01 9.0485199e-05 1.8468596e-03],
[1.9620706e-05 9.9928999e-01 6.9028535e-04],
[9.9696034e-01 1.2327192e-04 2.9164304e-03],
[9.946883e-01 7.106326e-04 4.601096e-03],
[6.1547692e-04 9.8918039e-01 1.0204121e-02],
[9.6670467e-01 5.2151066e-04 3.2773841e-02],
[6.3776770e-06 2.3190514e-05 9.9997044e-01],
[1.5476209e-05 1.5438825e-05 9.9996912e-01],
[0.8858203  0.00171305 0.11246666],
[0.8718407  0.11924148 0.00891786],
[0.10228303 0.88016677 0.01755025],
[5.360831e-05 9.930951e-01 6.851294e-03],
[9.9800879e-01 3.9671699e-04 1.5944422e-03],
[6.8264681e-06 4.1076004e-05 9.9995208e-01],
[9.7926849e-01 9.5268124e-04 1.9778762e-02],
[2.0073635e-06 4.4026237e-06 9.9999356e-01],
[0.9671628  0.00187766 0.03095954],
[1.0187935e-04 3.3771447e-03 9.9652100e-01],
[0.6577052  0.02969626 0.31259853],
[2.8006143e-03 4.0251095e-04 9.9679691e-01],
[0.09042156 0.6037532  0.30582526],
[9.9543470e-01 5.5059243e-04 4.0146788e-03],
[0.98889506 0.00108854 0.01001633],
[9.9742270e-01 4.8285752e-04 2.0944693e-03],
[1.5308655e-05 1.2860954e-04 9.9985611e-01],
[0.88128996 0.09904367 0.01966627],
[2.2055497e-04 3.0882737e-01 6.9095206e-01],
[3.3023014e-06 2.8522794e-05 9.9996817e-01],
[0.9069198  0.06369078 0.02938943],
[1.0854663e-04 1.6270275e-04 9.9972874e-01],
[9.9625188e-01 4.9716554e-04 3.2509761e-03],
[0.16210903 0.03866099 0.7992299 ],
[0.50040966 0.003117   0.4964733 ],
[1.8274703e-04 9.3841089e-05 9.9972337e-01],
[9.9806184e-01 2.3570076e-04 1.7024662e-03],
[9.9830025e-01 8.9741551e-04 8.0228748e-04],
[9.9956065e-01 1.6564265e-04 2.7368678e-04],
[7.5675576e-05 1.1255892e-04 9.9981183e-01],
[0.9885704  0.00200525 0.00942436],
[0.99529535 0.00101556 0.00368908],
[9.7897035e-01 7.6615869e-04 2.0263504e-02],
[6.4985652e-05 9.9976248e-01 1.7254471e-04],
[5.3333435e-05 5.4525927e-04 9.9940145e-01],
[0.7293276  0.0355469  0.23512542],
[0.00998583 0.98634154 0.00367269],
[7.2076102e-05 9.9977058e-01 1.5728897e-04],
[0.95538574 0.00130548 0.04330869],
[0.77809703 0.00220432 0.2196986 ],
[0.99544334 0.00347545 0.00108115],
[0.96066344 0.01922237 0.02011414],
[1.7744979e-03 7.9820951e-05 9.9814570e-01],
[9.9882680e-01 1.9605881e-04 9.7707170e-04],
[3.8068785e-04 1.3356687e-03 9.9828362e-01],
[9.9775046e-01 1.0142719e-04 2.1480913e-03],
[2.0759039e-04 1.0805486e-01 8.9173752e-01],
[0.05097423 0.00312432 0.94590145],
[0.06657264 0.0135069  0.9199205 ],
[9.9923038e-01 1.6415193e-04 6.0546095e-04],
[9.9516934e-01 3.9436054e-04 4.4363402e-03],
[0.35880324 0.4436647  0.19753206],
[0.00926901 0.91171455 0.07901645],
[9.7902018e-01 5.3750415e-04 2.0442273e-02],
[0.05975043 0.02399407 0.91625553],
[9.9194443e-01 9.1099011e-04 7.1446588e-03],
[0.47443116 0.4695583  0.05601051],
[0.8887525  0.0774895  0.03375795],
[9.9968076e-01 9.2976225e-05 2.2626806e-04],
[0.00117974 0.9875422  0.01127806],
[0.96602327 0.0039143  0.03006251],
[5.007893e-04 6.490183e-05 9.994343e-01],
[3.1871594e-05 9.9255805e-05 9.9986887e-01],
[0.7137873  0.16415173 0.12206092],
[9.9582016e-01 3.1469826e-04 3.8651244e-03],
[0.00172194 0.7964515  0.20182663],
[0.9498538  0.02985516 0.02029111],
[2.8029355e-05 2.8329592e-03 9.9713898e-01],
[0.22481823 0.0715327  0.7036491 ],
[0.64603966 0.10136572 0.2525946 ],
[9.8963004e-01 2.8454588e-04 1.0085454e-02],
[1.8785138e-05 9.9608533e-06 9.9997127e-01],
[9.9924386e-01 1.3973816e-04 6.1649922e-04],
[2.3523127e-05 2.5449464e-05 9.9995100e-01],
[9.6963227e-01 9.2152262e-04 2.9446185e-02],
[8.3048844e-06 9.9994934e-01 4.2298620e-05],
[9.9866843e-01 2.5432935e-04 1.0773035e-03],
[0.88695985 0.10169793 0.01134227],
[9.9854881e-01 7.7357108e-05 1.3738461e-03],
[9.8919922e-01 7.4341928e-04 1.0057441e-02],
[8.7575994e-05 1.5113257e-04 9.9976128e-01],
[6.9481909e-04 9.8511642e-01 1.4188772e-02],
[3.0052717e-05 2.0146032e-04 9.9976844e-01],
[0.9611714  0.00858229 0.03024635],
[9.7861566e-06 1.4524061e-04 9.9984491e-01],
[6.4090491e-05 4.6717317e-04 9.9946874e-01],
[0.13195933 0.0050222  0.8630185 ],
[9.9893624e-01 3.2194247e-04 7.4178475e-04],
[0.987716   0.00155048 0.01073348],
[9.9901819e-01 2.8299264e-04 6.9885113e-04],
[0.98929125 0.00225347 0.00845536],
[0.15942752 0.00404033 0.8365321 ],
[3.4654161e-06 5.0156748e-05 9.9994636e-01],
[0.00124896 0.9320663  0.06668469],
[0.9748931  0.00353018 0.02157669],
[9.964502e-01 3.105776e-04 3.239166e-03],
[0.9750372  0.00297985 0.02198284],
[7.3229444e-06 6.9775509e-05 9.9992287e-01],
[0.64606637 0.18798153 0.16595209],
[6.278586e-05 2.970438e-03 9.969668e-01],
[9.9929833e-01 6.1435305e-05 6.4014667e-04],
[9.9842286e-01 6.9656654e-04 8.8066439e-04],
[0.92457247 0.00293169 0.07249585],
[1.1369332e-05 6.7629837e-05 9.9992096e-01],
[9.9034190e-01 7.9015346e-04 8.8679492e-03],
[1.4107001e-05 2.4857380e-05 9.9996102e-01],
[1.9687515e-02 8.4758946e-04 9.7946495e-01],
[1.0700100e-05 2.8275070e-03 9.9716187e-01],
[9.9488765e-01 8.0263562e-04 4.3096528e-03],
[0.989132   0.00298808 0.00787998],
[9.9702978e-01 6.2136864e-04 2.3487788e-03],
[1.3818318e-05 3.7045847e-05 9.9994910e-01],
[9.0163494e-06 5.0334761e-06 9.9998593e-01],
[9.9884331e-01 3.6968922e-04 7.8692916e-04],
[0.00471787 0.00130607 0.99397606],
[9.8888701e-01 3.8025258e-04 1.0732705e-02],
[0.00229522 0.0079604  0.98974437],
[0.13833906 0.33052903 0.5311319 ],
[0.00375319 0.03785784 0.958389  ],
[4.7983532e-04 4.0061094e-04 9.9911958e-01],
[1.9261843e-04 8.2295854e-05 9.9972504e-01],
[0.14678854 0.01183706 0.8413744 ],
[9.8504585e-01 3.7199032e-04 1.4582127e-02],
[0.5636555  0.0660155  0.37032902],
[9.9917114e-01 2.0571420e-04 6.2314305e-04],
[6.1809289e-04 1.7794906e-04 9.9920398e-01],
[9.9940646e-01 2.0081988e-04 3.9273937e-04],
[3.9268329e-05 3.0441922e-03 9.9691653e-01],
[9.9673212e-01 3.4115335e-04 2.9267084e-03],
[0.956977   0.02384176 0.01918122],
[0.83373046 0.08110306 0.08516651],
[9.9864036e-01 6.9512276e-04 6.6446868e-04],
[0.9145344  0.00645897 0.07900667],
[0.19299307 0.06009455 0.74691236],
[9.9760455e-01 1.5008837e-03 8.9455093e-04],
[0.03410694 0.00395425 0.96193886],
[9.8017743e-04 3.3378704e-03 9.9568188e-01],
[0.33540782 0.00639622 0.6581959 ],
[0.77057827 0.19481122 0.03461055],
[0.7226013  0.10756235 0.16983636],
[0.9667898  0.01419852 0.01901165],
[4.944756e-05 3.678540e-05 9.999138e-01],
[3.5779757e-04 9.9786407e-01 1.7781751e-03],
[0.9290658  0.03007184 0.04086227],
[9.9616653e-01 2.4649099e-04 3.5868594e-03],
[2.9730186e-04 1.9439048e-03 9.9775875e-01],
[9.9007636e-01 2.6367209e-04 9.6600186e-03],
[8.9506257e-06 1.4978432e-05 9.9997604e-01],
[0.00138161 0.8414788  0.15713957],
[9.3150797e-05 9.9977607e-01 1.3074726e-04],
[1.0869327e-04 9.8668367e-01 1.3207649e-02],
[4.7871275e-05 5.3374458e-04 9.9941838e-01],
[9.9876535e-01 1.1889712e-04 1.1156731e-03],
[1.8542522e-04 3.5665647e-04 9.9945790e-01],
[0.00650735 0.01687435 0.9766183 ],
[0.9708582  0.00671121 0.02243052],
[0.2971467  0.01321146 0.6896419 ],
[2.0962539e-04 7.6164454e-01 2.3814589e-01],
[0.99195886 0.00575036 0.00229081],
[9.9831897e-01 1.7000512e-04 1.5109823e-03],
[9.9828941e-01 2.7356480e-04 1.4369863e-03],
[3.105199e-05 8.383955e-03 9.915850e-01],
[0.9905586  0.00107759 0.00836377],
[9.9396306e-01 4.3478492e-04 5.6022080e-03],
[9.9399441e-01 6.1116711e-04 5.3943642e-03],
[5.2985465e-06 8.1455008e-05 9.9991322e-01],
[2.626067e-05 6.578013e-05 9.999080e-01],
[0.9404441  0.02217466 0.03738125],
[9.9740618e-01 1.7379466e-04 2.4199807e-03],
[0.00277578 0.01006529 0.9871589 ],
[6.856232e-04 1.300118e-03 9.980142e-01],
[0.6953396  0.26569927 0.03896109],
[9.4013244e-01 5.7224691e-04 5.9295334e-02],
[2.5974963e-05 8.6739492e-05 9.9988723e-01],
[0.02986372 0.00202604 0.9681102 ],
[3.1278312e-06 1.1903431e-05 9.9998498e-01],
[0.00866456 0.46352437 0.52781105],
[9.99481976e-01 1.15024406e-04 4.03068436e-04],
[9.165415e-05 2.808107e-03 9.971002e-01],
[0.9942159  0.00269696 0.00308722],
[9.5240283e-01 3.2761178e-04 4.7269523e-02],
[9.9689400e-01 7.9852197e-04 2.3075072e-03],
[9.9733573e-01 3.3246327e-04 2.3318101e-03],
[0.88503146 0.04543382 0.06953468],
[2.6100597e-05 3.7550319e-05 9.9993634e-01],
[0.0011024  0.8541015  0.14479612],
[9.9848598e-01 7.0144644e-04 8.1264041e-04],
[0.8273117  0.0199516  0.15273671],
[0.18540432 0.07733035 0.73726535],
[0.9850429  0.00153534 0.01342165],
[9.9979049e-01 2.7784576e-05 1.8174149e-04],
[0.9559584  0.00188459 0.04215706],
[2.7692900e-05 9.9934095e-01 6.3138310e-04],
[0.9940217  0.00110011 0.00487813],
[9.9963260e-01 3.9749248e-05 3.2753160e-04],
[9.399805e-05 9.976010e-01 2.305104e-03],
[0.996655   0.00208615 0.00125882],
[9.9243474e-01 4.4187691e-04 7.1234195e-03],
[4.4728330e-04 9.8058861e-01 1.8964129e-02],
[0.00231453 0.9958359  0.00184955],
[0.00357437 0.91910005 0.07732558],
[9.9856818e-01 4.4733897e-04 9.8449085e-04],
[0.00900982 0.16970427 0.82128596],
[0.22911784 0.00273353 0.7681486 ],
[9.9921703e-01 9.7193835e-05 6.8570627e-04],
[9.9976069e-01 6.7016103e-05 1.7238667e-04],
[9.9963462e-01 4.5417331e-05 3.2001146e-04],
[9.9817002e-01 5.8764924e-04 1.2422538e-03],
[0.4093076  0.02698575 0.5637067 ],
[0.11094175 0.01232146 0.8767368 ],
[0.26154673 0.00786268 0.7305906 ],
[0.99162066 0.00221103 0.00616839],
[0.50566185 0.11869058 0.37564763],
[0.9754989  0.00307662 0.02142438],
[9.9628997e-01 4.0993246e-04 3.3000612e-03],
[9.9943072e-01 2.7969750e-04 2.8953925e-04],
[9.9846447e-01 1.9628675e-04 1.3392968e-03],
[4.5597758e-06 2.7143962e-05 9.9996829e-01],
[0.9492687  0.00914618 0.04158507],
[9.9951530e-01 2.0010004e-05 4.6471780e-04],
[9.9722606e-01 1.5337627e-04 2.6205103e-03],
[9.8422974e-01 8.9480326e-04 1.4875434e-02],
[0.90128344 0.05405058 0.04466593],
[0.95709443 0.0118656  0.03103996],
[0.8321911  0.00268683 0.16512203],
[5.96269683e-06 1.44425785e-05 9.99979615e-01],
[2.0349708e-04 1.5984476e-01 8.3995175e-01],
[9.9784601e-01 1.3685621e-04 2.0170626e-03],
[0.96552414 0.02676048 0.0077153 ],
[1.1955333e-05 2.1120710e-05 9.9996698e-01],
[0.703202   0.0080762  0.28872183],
[4.1472891e-04 9.8007411e-01 1.9511158e-02],
[1.8544904e-04 4.2178488e-04 9.9939275e-01],
[0.00648402 0.5662152  0.42730078],
[9.7459275e-01 6.6381873e-04 2.4743440e-02],
[9.9841094e-01 1.0920815e-04 1.4797346e-03],
[0.9603594  0.03121204 0.00842858],
[0.9933903  0.00113621 0.00547347],
[0.9936837  0.00251005 0.00380624],
[0.9921693  0.00143163 0.00639912],
[0.2825022  0.00362039 0.71387744],
[9.9941218e-01 1.5781923e-04 4.3002400e-04],
[0.9746755  0.00264412 0.02268032],
[9.9825662e-01 3.4885597e-04 1.3944622e-03],
[9.9762386e-01 4.7426365e-04 1.9018495e-03],
[9.9914420e-01 1.3790622e-04 7.1787398e-04],
[9.4982708e-05 2.4278082e-02 9.7562689e-01],
[8.2980268e-06 5.9780901e-05 9.9993193e-01],
[0.39616936 0.06450314 0.5393275 ],
[0.97423494 0.01549674 0.01026828],
[6.433098e-05 5.871183e-05 9.998770e-01],
[9.9758494e-01 3.1706021e-04 2.0979990e-03],
[9.8385370e-01 4.2651410e-04 1.5719801e-02],
[2.0037188e-04 1.0626316e-02 9.8917329e-01],
[0.84936136 0.03822483 0.11241376],
[9.9778444e-01 1.5955164e-04 2.0561127e-03],
[0.7636595  0.00808706 0.22825344],
[0.9919492  0.00173055 0.00632018],
[0.07884812 0.82412666 0.0970252 ],
[0.46672866 0.01189707 0.5213742 ],
[0.97359586 0.0014316  0.02497248],
[0.01325037 0.00780746 0.97894216],
[0.43208528 0.00480712 0.5631076 ],
[5.159869e-05 9.992600e-01 6.884124e-04],
[9.9806923e-01 2.9882268e-04 1.6319436e-03],
[9.9920553e-01 1.2163627e-04 6.7293551e-04],
[9.9928790e-01 6.1164974e-05 6.5099041e-04],
[0.0724096  0.06596447 0.86162597],
[9.9906725e-01 2.6977592e-04 6.6306064e-04],
[1.8376597e-04 2.0505583e-04 9.9961120e-01],
[0.75492644 0.03395647 0.21111713],
[9.9901342e-01 2.0244370e-04 7.8404293e-04],
[9.9951339e-01 8.2222032e-05 4.0436166e-04],
[2.2188615e-05 5.4562986e-03 9.9452150e-01],
[0.14922482 0.0061951  0.8445801 ],
[9.9878842e-01 1.2920485e-04 1.0824363e-03],
[9.9860400e-01 1.6894509e-04 1.2271475e-03],
[1.4996945e-04 1.1312675e-03 9.9871874e-01],
[9.1995764e-01 8.3684403e-04 7.9205491e-02],
[0.00491441 0.00197037 0.99311525],
[0.9943514  0.00293518 0.00271343],
[9.9891341e-01 1.8249643e-04 9.0406201e-04],
[6.8818372e-05 2.2316723e-04 9.9970800e-01],
[0.9966748  0.0015913  0.00173398],
[0.73943895 0.05005926 0.21050183],
[0.99755496 0.00118727 0.00125777],
[9.300522e-01 6.646773e-04 6.928315e-02],
[2.7254584e-05 2.1991867e-05 9.9995077e-01],
[1.7548184e-04 2.0216239e-04 9.9962234e-01],
[0.9926093  0.00393967 0.00345105],
[0.970206   0.00221252 0.02758143],
[0.32488108 0.00285105 0.67226785],
[0.6050469  0.02083599 0.37411705],
[9.4765460e-04 1.4448856e-03 9.9760747e-01],
