B0
168
precision: [0.92797784 0.32608696 0.45578231]
recall: [0.83333333 0.30927835 0.66336634]
fscore: [0.87811271 0.31746032 0.54032258] 0.563308154
[0.92797784 0.32608696 0.45578231] [0.83333333 0.30927835 0.66336634] [0.87811271 0.31746032 0.54032258]

B1
197
precision: [0.92926045 0.24489796 0.47120419]
recall: [0.71890547 0.24742268 0.89108911]
fscore: [0.81065919 0.24615385 0.61643836] 0.581225624
[0.92926045 0.24489796 0.47120419] [0.71890547 0.24742268 0.89108911] [0.81065919 0.24615385 0.61643836]

B2
168
precision: [0.96598639 0.45454545 0.50574713]
recall: [0.70646766 0.6185567  0.87128713]
fscore: [0.81609195 0.52401747 0.64      ] 0.652021884
[0.96598639 0.45454545 0.50574713] [0.70646766 0.6185567  0.87128713] [0.81609195 0.52401747 0.64      ]

B3
167
precision: [0.92372881 0.23076923 0.50276243]
recall: [0.81343284 0.15463918 0.9009901 ]
fscore: [0.86507937 0.18518519 0.64539007] 0.597286954
[0.92372881 0.23076923 0.50276243] [0.81343284 0.15463918 0.9009901 ] [0.86507937 0.18518519 0.64539007]


B4
179
precision: [0.94117647 0.32283465 0.50666667]
recall: [0.75621891 0.42268041 0.75247525]
fscore: [0.83862069 0.36607143 0.60557769] 0.604285038
[0.94117647 0.32283465 0.50666667] [0.75621891 0.42268041 0.75247525] [0.83862069 0.36607143 0.60557769]


B0 transformer encoder
153
precision: [0.91511936 0.34782609 0.48587571]
recall: [0.85820896 0.16494845 0.85148515]
fscore: [0.88575096 0.22377622 0.61870504] 0.59312846
[0.91511936 0.34782609 0.48587571] [0.85820896 0.16494845 0.85148515] [0.88575096 0.22377622 0.61870504]

B1 transformer encoder
189
precision: [0.93457944 0.38181818 0.40178571]
recall: [0.74626866 0.21649485 0.89108911]
fscore: [0.82987552 0.27631579 0.55384615]
[0.93457944 0.38181818 0.40178571] [0.74626866 0.21649485 0.89108911] [0.82987552 0.27631579 0.55384615]

B2 transformer encoder
155
precision: [0.92119565 0.33333333 0.50295858]
recall: [0.84328358 0.21649485 0.84158416]
fscore: [0.88051948 0.2625     0.62962963] 0.6063816740000001
[0.92119565 0.33333333 0.50295858] [0.84328358 0.21649485 0.84158416] [0.88051948 0.2625     0.62962963]