B0 ep001-loss0.565-val_loss0.273.h5
232
precision: [0.96694215 0.26693227 0.62616822]
recall: [0.58208955 0.69072165 0.66336634]
fscore: [0.72670807 0.38505747 0.64423077]
[0.96694215 0.26693227 0.62616822] [0.58208955 0.69072165 0.66336634] [0.72670807 0.38505747 0.64423077]

B0 ep002-loss0.198-val_loss0.214.h5
187
precision: [0.9375     0.25555556 0.47368421]
recall: [0.74626866 0.2371134  0.89108911]
fscore: [0.83102493 0.2459893  0.6185567 ]
[0.9375     0.25555556 0.47368421] [0.74626866 0.2371134  0.89108911] [0.83102493 0.2459893  0.6185567 ]

B0 ep003-loss0.102-val_loss0.250.h5
171
precision: [0.92330383 0.31623932 0.54861111]
recall: [0.77860697 0.3814433  0.78217822]
fscore: [0.84480432 0.34579439 0.64489796]
[0.92330383 0.31623932 0.54861111] [0.77860697 0.3814433  0.78217822] [0.84480432 0.34579439 0.64489796]

B0 ep004-loss0.055-val_loss0.216.h5
183
precision: [0.92749245 0.2875     0.46031746]
recall: [0.76368159 0.2371134  0.86138614]
fscore: [0.83765348 0.25988701 0.6       ]
[0.92749245 0.2875     0.46031746] [0.76368159 0.2371134  0.86138614] [0.83765348 0.25988701 0.6       ]

B0 ep005-loss0.040-val_loss0.275.h5
187
precision: [0.93949045 0.27777778 0.49438202]
recall: [0.73383085 0.30927835 0.87128713]
fscore: [0.82402235 0.29268293 0.63082437]
[0.93949045 0.27777778 0.49438202] [0.73383085 0.30927835 0.87128713] [0.82402235 0.29268293 0.63082437]

B0 ep006-loss0.043-val_loss0.232.h5
196
precision: [0.93114754 0.25694444 0.54966887]
recall: [0.70646766 0.3814433  0.82178218]
fscore: [0.80339463 0.30705394 0.65873016]
[0.93114754 0.25694444 0.54966887] [0.70646766 0.3814433  0.82178218] [0.80339463 0.30705394 0.65873016]

B0 ep007-loss0.034-val_loss0.278.h5
180
precision: [0.92121212 0.27358491 0.5304878 ]
recall: [0.75621891 0.29896907 0.86138614]
fscore: [0.83060109 0.28571429 0.65660377]
[0.92121212 0.27358491 0.5304878 ] [0.75621891 0.29896907 0.86138614] [0.83060109 0.28571429 0.65660377]

B0 ep008-loss0.017-val_loss0.312.h5
174
precision: [0.91930836 0.24637681 0.48913043]
recall: [0.79353234 0.17525773 0.89108911]
fscore: [0.8518024  0.20481928 0.63157895]
[0.91930836 0.24637681 0.48913043] [0.79353234 0.17525773 0.89108911] [0.8518024  0.20481928 0.63157895]

B0 ep009-loss0.029-val_loss0.265.h5
193
precision: [0.94480519 0.2970297  0.45026178]
recall: [0.7238806  0.30927835 0.85148515]
fscore: [0.81971831 0.3030303  0.5890411 ]
[0.94480519 0.2970297  0.45026178] [0.7238806  0.30927835 0.85148515] [0.81971831 0.3030303  0.5890411 ]

B0 ep010-loss0.032-val_loss0.234.h5
187
precision: [0.93292683 0.28571429 0.43069307]
recall: [0.76119403 0.20618557 0.86138614]
fscore: [0.83835616 0.23952096 0.57425743]
[0.93292683 0.28571429 0.43069307] [0.76119403 0.20618557 0.86138614] [0.83835616 0.23952096 0.57425743]

B0 ep003-loss0.036-val_loss0.092.h5
156
precision: [0.90080429 0.36170213 0.55639098]
recall: [0.8358209  0.35051546 0.73267327]
fscore: [0.86709677 0.35602094 0.63247863]
[0.90080429 0.36170213 0.55639098] [0.8358209  0.35051546 0.73267327] [0.86709677 0.35602094 0.63247863]

B0 ep004-loss0.055-val_loss0.216.h5
193
precision: [0.95751634 0.27173913 0.44059406]
recall: [0.72885572 0.25773196 0.88118812]
fscore: [0.82768362 0.26455026 0.58745875]
[0.95751634 0.27173913 0.44059406] [0.72885572 0.25773196 0.88118812] [0.82768362 0.26455026 0.58745875]

---------------------------------------------------------------------
B0 ep001-loss0.600-val_loss0.236.h5
168
precision: [0.93636364 0.32110092 0.54658385]
recall: [0.76865672 0.36082474 0.87128713]
fscore: [0.8442623  0.33980583 0.67175573]
[0.93636364 0.32110092 0.54658385] [0.76865672 0.36082474 0.87128713] [0.8442623  0.33980583 0.67175573]

B1 ep002-loss0.230-val_loss0.170.h5
170
precision: [0.92397661 0.3        0.48484848]
recall: [0.78606965 0.18556701 0.95049505]
fscore: [0.84946237 0.22929936 0.64214047]
[0.92397661 0.3        0.48484848] [0.78606965 0.18556701 0.95049505] [0.84946237 0.22929936 0.64214047]

B1 ep003-loss0.118-val_loss0.197.h5
181
precision: [0.92284866 0.27419355 0.45273632]
recall: [0.77363184 0.17525773 0.9009901 ]
fscore: [0.84167794 0.21383648 0.60264901]
[0.92284866 0.27419355 0.45273632] [0.77363184 0.17525773 0.9009901 ] [0.84167794 0.21383648 0.60264901]

B1 ep004-loss0.077-val_loss0.196.h5
132
precision: [0.89215686 0.58333333 0.53205128]
recall: [0.90547264 0.21649485 0.82178218]
fscore: [0.89876543 0.31578947 0.6459144 ]
[0.89215686 0.58333333 0.53205128] [0.90547264 0.21649485 0.82178218] [0.89876543 0.31578947 0.6459144 ]

B1 ep005-loss0.047-val_loss0.152.h5
158
precision: [0.92977528 0.35185185 0.53676471]
recall: [0.82338308 0.39175258 0.72277228]
fscore: [0.87335092 0.37073171 0.61603376]
[0.92977528 0.35185185 0.53676471] [0.82338308 0.39175258 0.72277228] [0.87335092 0.37073171 0.61603376]

B1 ep006-loss0.046-val_loss0.190.h5
137
precision: [0.90956072 0.42647059 0.56551724]
recall: [0.87562189 0.29896907 0.81188119]
fscore: [0.89226869 0.35151515 0.66666667]
[0.90956072 0.42647059 0.56551724] [0.87562189 0.29896907 0.81188119] [0.89226869 0.35151515 0.66666667]

B1 ep007-loss0.043-val_loss0.240.h5
160
precision: [0.91086351 0.33928571 0.50810811]
recall: [0.81343284 0.19587629 0.93069307]
fscore: [0.85939553 0.24836601 0.65734266]
[0.91086351 0.33928571 0.50810811] [0.81343284 0.19587629 0.93069307] [0.85939553 0.24836601 0.65734266]

B1 ep008-loss0.039-val_loss0.228.h5
153
precision: [0.92076503 0.41463415 0.48186528]
recall: [0.83830846 0.17525773 0.92079208]
fscore: [0.87760417 0.24637681 0.63265306]
[0.92076503 0.41463415 0.48186528] [0.83830846 0.17525773 0.92079208] [0.87760417 0.24637681 0.63265306]

B1 ep009-loss0.022-val_loss0.240.h5
178
precision: [0.94099379 0.33333333 0.46700508]
recall: [0.75373134 0.27835052 0.91089109]
fscore: [0.83701657 0.30337079 0.61744966]
[0.94099379 0.33333333 0.46700508] [0.75373134 0.27835052 0.91089109] [0.83701657 0.30337079 0.61744966]

B1 ep010-loss0.035-val_loss0.246.h5
161
precision: [0.93965517 0.36486486 0.47752809]
recall: [0.81343284 0.27835052 0.84158416]
fscore: [0.872      0.31578947 0.609319  ]
[0.93965517 0.36486486 0.47752809] [0.81343284 0.27835052 0.84158416] [0.872      0.31578947 0.609319  ]

------------------------------------------------------
B2 ep001-loss0.601-val_loss0.190.h5
186
precision: [0.95049505 0.3        0.50847458]
recall: [0.71641791 0.37113402 0.89108911]
fscore: [0.81702128 0.33179724 0.64748201]
[0.95049505 0.3        0.50847458] [0.71641791 0.37113402 0.89108911] [0.81702128 0.33179724 0.64748201]

B2 ep002-loss0.230-val_loss0.118.h5
184
precision: [0.95527157 0.26829268 0.46341463]
recall: [0.74378109 0.22680412 0.94059406]
fscore: [0.83636364 0.24581006 0.62091503]
[0.95527157 0.26829268 0.46341463] [0.74378109 0.22680412 0.94059406] [0.83636364 0.24581006 0.62091503]

B2 ep003-loss0.116-val_loss0.146.h5
171
precision: [0.94594595 0.31868132 0.48295455]
recall: [0.78358209 0.29896907 0.84158416]
fscore: [0.85714286 0.30851064 0.61371841]
[0.94594595 0.31868132 0.48295455] [0.78358209 0.29896907 0.84158416] [0.85714286 0.30851064 0.61371841]

B2 ep004-loss0.088-val_loss0.125.h5
169
precision: [0.90883191 0.29113924 0.52352941]
recall: [0.79353234 0.2371134  0.88118812]
fscore: [0.84727756 0.26136364 0.65682657]
[0.90883191 0.29113924 0.52352941] [0.79353234 0.2371134  0.88118812] [0.84727756 0.26136364 0.65682657]

B2 ep005-loss0.062-val_loss0.161.h5
164
precision: [0.92550143 0.33333333 0.52258065]
recall: [0.80348259 0.32989691 0.8019802 ]
fscore: [0.86018642 0.33160622 0.6328125 ]
[0.92550143 0.33333333 0.52258065] [0.80348259 0.32989691 0.8019802 ] [0.86018642 0.33160622 0.6328125 ]

B2 ep006-loss0.066-val_loss0.163.h5
170
precision: [0.92835821 0.31868132 0.51724138]
recall: [0.77363184 0.29896907 0.89108911]
fscore: [0.84396201 0.30851064 0.65454545]
[0.92835821 0.31868132 0.51724138] [0.77363184 0.29896907 0.89108911] [0.84396201 0.30851064 0.65454545]

B2 ep007-loss0.030-val_loss0.118.h5
151
precision: [0.91913747 0.33333333 0.51744186]
recall: [0.84825871 0.19587629 0.88118812]
fscore: [0.88227684 0.24675325 0.65201465]
[0.91913747 0.33333333 0.51744186] [0.84825871 0.19587629 0.88118812] [0.88227684 0.24675325 0.65201465]

B2 ep008-loss0.034-val_loss0.251.h5
179
precision: [0.93113772 0.29824561 0.44497608]
recall: [0.77363184 0.17525773 0.92079208]
fscore: [0.8451087  0.22077922 0.6       ]
[0.93113772 0.29824561 0.44497608] [0.77363184 0.17525773 0.92079208] [0.8451087  0.22077922 0.6       ]

B2 ep009-loss0.044-val_loss0.229.h5
140
precision: [0.91621622 0.39090909 0.65      ]
recall: [0.84328358 0.44329897 0.77227723]
fscore: [0.87823834 0.41545894 0.70588235]
[0.91621622 0.39090909 0.65      ] [0.84328358 0.44329897 0.77227723] [0.87823834 0.41545894 0.70588235]

B2 ep010-loss0.041-val_loss0.158.h5
171
precision: [0.93175074 0.35227273 0.48      ]
recall: [0.78109453 0.31958763 0.83168317]
fscore: [0.84979702 0.33513514 0.60869565]
[0.93175074 0.35227273 0.48      ] [0.78109453 0.31958763 0.83168317] [0.84979702 0.33513514 0.60869565]

------------------------------------------------
B3 ep001-loss0.617-val_loss0.232.h5
169
precision: [0.94065282 0.36363636 0.49295775]
recall: [0.78855721 0.45360825 0.69306931]
fscore: [0.8579161  0.40366972 0.57613169]
[0.94065282 0.36363636 0.49295775] [0.78855721 0.45360825 0.69306931] [0.8579161  0.40366972 0.57613169]

B3 ep002-loss0.281-val_loss0.175.h5
178
precision: [0.93987342 0.35789474 0.48148148]
recall: [0.73880597 0.35051546 0.9009901 ]
fscore: [0.82729805 0.35416667 0.62758621]
[0.93987342 0.35789474 0.48148148] [0.73880597 0.35051546 0.9009901 ] [0.82729805 0.35416667 0.62758621]

B3 ep003-loss0.168-val_loss0.170.h5
209
precision: [0.94966443 0.23595506 0.4084507 ]
recall: [0.7039801  0.21649485 0.86138614]
fscore: [0.80857143 0.22580645 0.55414013]
[0.94966443 0.23595506 0.4084507 ] [0.7039801  0.21649485 0.86138614] [0.80857143 0.22580645 0.55414013]

B3 ep004-loss0.111-val_loss0.147.h5
168
precision: [0.94626866 0.40740741 0.44075829]
recall: [0.78855721 0.22680412 0.92079208]
fscore: [0.86024423 0.29139073 0.59615385]
[0.94626866 0.40740741 0.44075829] [0.78855721 0.22680412 0.92079208] [0.86024423 0.29139073 0.59615385]

B3 ep005-loss0.087-val_loss0.211.h5
184
precision: [0.93478261 0.31428571 0.47398844]
recall: [0.74875622 0.34020619 0.81188119]
fscore: [0.83149171 0.32673267 0.59854015]
[0.93478261 0.31428571 0.47398844] [0.74875622 0.34020619 0.81188119] [0.83149171 0.32673267 0.59854015]

B3 ep006-loss0.066-val_loss0.146.h5
169
precision: [0.91111111 0.33333333 0.44949495]
recall: [0.8159204  0.1443299  0.88118812]
fscore: [0.86089239 0.20143885 0.59531773]
[0.91111111 0.33333333 0.44949495] [0.8159204  0.1443299  0.88118812] [0.86089239 0.20143885 0.59531773]

B3 ep007-loss0.046-val_loss0.165.h5
164
precision: [0.92937853 0.296875   0.48351648]
recall: [0.81840796 0.19587629 0.87128713]
fscore: [0.87037037 0.23602484 0.62190813]
[0.92937853 0.296875   0.48351648] [0.81840796 0.19587629 0.87128713] [0.87037037 0.23602484 0.62190813]

B3 ep008-loss0.055-val_loss0.171.h5
169
precision: [0.94277108 0.36       0.47150259]
recall: [0.77860697 0.27835052 0.9009901 ]
fscore: [0.85286104 0.31395349 0.61904762]
[0.94277108 0.36       0.47150259] [0.77860697 0.27835052 0.9009901 ] [0.85286104 0.31395349 0.61904762]

B3 ep009-loss0.043-val_loss0.214.h5
186
precision: [0.95297806 0.31578947 0.41071429]
recall: [0.75621891 0.18556701 0.91089109]
fscore: [0.84327323 0.23376623 0.56615385]
[0.95297806 0.31578947 0.41071429] [0.75621891 0.18556701 0.91089109] [0.84327323 0.23376623 0.56615385]

B3 ep010-loss0.044-val_loss0.316.h5
135
precision: [0.87764706 0.39393939 0.55633803]
recall: [0.9278607  0.13402062 0.78217822]
fscore: [0.90205562 0.2        0.65020576]
[0.87764706 0.39393939 0.55633803] [0.9278607  0.13402062 0.78217822] [0.90205562 0.2        0.65020576]

----------------------------------------------------------
B4 ep001-loss0.633-val_loss0.233.h5
196
precision: [0.97260274 0.26056338 0.5       ]
recall: [0.70646766 0.3814433  0.82178218]
fscore: [0.8184438  0.30962343 0.62172285]
[0.97260274 0.26056338 0.5       ] [0.70646766 0.3814433  0.82178218] [0.8184438  0.30962343 0.62172285]

B4 ep002-loss0.301-val_loss0.149.h5
156
precision: [0.94940476 0.36434109 0.57777778]
recall: [0.79353234 0.48453608 0.77227723]
fscore: [0.86449864 0.4159292  0.66101695]
[0.94940476 0.36434109 0.57777778] [0.79353234 0.48453608 0.77227723] [0.86449864 0.4159292  0.66101695]

B4 ep003-loss0.161-val_loss0.172.h5
196
precision: [0.96478873 0.3358209  0.46703297]
recall: [0.68159204 0.46391753 0.84158416]
fscore: [0.79883382 0.38961039 0.60070671]
[0.96478873 0.3358209  0.46703297] [0.68159204 0.46391753 0.84158416] [0.79883382 0.38961039 0.60070671]

B4 ep004-loss0.117-val_loss0.139.h5
161
precision: [0.92222222 0.375      0.46354167]
recall: [0.82587065 0.18556701 0.88118812]
fscore: [0.87139108 0.24827586 0.60750853]
[0.92222222 0.375      0.46354167] [0.82587065 0.18556701 0.88118812] [0.87139108 0.24827586 0.60750853]

B4 ep005-loss0.072-val_loss0.147.h5
212
precision: [0.97212544 0.22429907 0.41262136]
recall: [0.69402985 0.24742268 0.84158416]
fscore: [0.80986938 0.23529412 0.55374593]
[0.97212544 0.22429907 0.41262136] [0.69402985 0.24742268 0.84158416] [0.80986938 0.23529412 0.55374593]

B4 ep006-loss0.061-val_loss0.201.h5
206
precision: [0.9550173  0.26315789 0.52142857]
recall: [0.68656716 0.46391753 0.72277228]
fscore: [0.79884226 0.3358209  0.60580913]
[0.9550173  0.26315789 0.52142857] [0.68656716 0.46391753 0.72277228] [0.79884226 0.3358209  0.60580913]

B4 ep007-loss0.039-val_loss0.206.h5
199
precision: [0.96369637 0.25490196 0.3902439 ]
recall: [0.72636816 0.13402062 0.95049505]
fscore: [0.82836879 0.17567568 0.55331412]
[0.96369637 0.25490196 0.3902439 ] [0.72636816 0.13402062 0.95049505] [0.82836879 0.17567568 0.55331412]

B4 ep008-loss0.052-val_loss0.169.h5
194
precision: [0.95081967 0.26213592 0.46354167]
recall: [0.72139303 0.27835052 0.88118812]
fscore: [0.82036775 0.27       0.60750853]
[0.95081967 0.26213592 0.46354167] [0.72139303 0.27835052 0.88118812] [0.82036775 0.27       0.60750853]

B4 ep009-loss0.046-val_loss0.161.h5
177
precision: [0.92330383 0.28169014 0.47368421]
recall: [0.77860697 0.20618557 0.89108911]
fscore: [0.84480432 0.23809524 0.6185567 ]
[0.92330383 0.28169014 0.47368421] [0.77860697 0.20618557 0.89108911] [0.84480432 0.23809524 0.6185567 ]

B4 ep010-loss0.027-val_loss0.138.h5
175
precision: [0.946875   0.33333333 0.48421053]
recall: [0.75373134 0.30927835 0.91089109]
fscore: [0.83933518 0.32085561 0.63230241]
[0.946875   0.33333333 0.48421053] [0.75373134 0.30927835 0.91089109] [0.83933518 0.32085561 0.63230241]

-------------------------------------------------
TFB0 ep001-loss1.396-val_loss0.673.h5
256
precision: [0.90875912 0.22857143 0.36423841]
recall: [0.61940299 0.41237113 0.54455446]
fscore: [0.73668639 0.29411765 0.43650794]
[0.90875912 0.22857143 0.36423841] [0.61940299 0.41237113 0.54455446] [0.73668639 0.29411765 0.43650794]

TFB0 ep002-loss0.973-val_loss0.482.h5
245
precision: [0.96721311 0.24409449 0.38427948]
recall: [0.58706468 0.31958763 0.87128713]
fscore: [0.73065015 0.27678571 0.53333333]
[0.96721311 0.24409449 0.38427948] [0.58706468 0.31958763 0.87128713] [0.73065015 0.27678571 0.53333333]

TFB0 ep003-loss0.697-val_loss0.306.h5
287
precision: [0.96954315 0.20179372 0.42777778]
recall: [0.47512438 0.46391753 0.76237624]
fscore: [0.63772955 0.28125    0.5480427 ]
[0.96954315 0.20179372 0.42777778] [0.47512438 0.46391753 0.76237624] [0.63772955 0.28125    0.5480427 ]

TFB0 ep004-loss0.514-val_loss0.198.h5
223
precision: [0.97244094 0.28275862 0.44278607]
recall: [0.61442786 0.42268041 0.88118812]
fscore: [0.75304878 0.33884298 0.58940397]
[0.97244094 0.28275862 0.44278607] [0.61442786 0.42268041 0.88118812] [0.75304878 0.33884298 0.58940397]

TFB0 ep005-loss0.356-val_loss0.236.h5
155
precision: [0.93409742 0.34653465 0.56      ]
recall: [0.81094527 0.36082474 0.83168317]
fscore: [0.86817577 0.35353535 0.66932271]
[0.93409742 0.34653465 0.56      ] [0.81094527 0.36082474 0.83168317] [0.86817577 0.35353535 0.66932271]

TFB0 ep006-loss0.257-val_loss0.266.h5
246
precision: [0.96694215 0.25       0.46478873]
recall: [0.58208955 0.55670103 0.65346535]
fscore: [0.72670807 0.34504792 0.54320988]
[0.96694215 0.25       0.46478873] [0.58208955 0.55670103 0.65346535] [0.72670807 0.34504792 0.54320988]

TFB0 ep007-loss0.203-val_loss0.158.h5
199
precision: [0.93670886 0.23255814 0.39419087]
recall: [0.73631841 0.10309278 0.94059406]
fscore: [0.82451253 0.14285714 0.55555556]
[0.93670886 0.23255814 0.39419087] [0.73631841 0.10309278 0.94059406] [0.82451253 0.14285714 0.55555556]

TFB0 ep008-loss0.178-val_loss0.202.h5
205
precision: [0.95759717 0.27972028 0.48275862]
recall: [0.67412935 0.41237113 0.83168317]
fscore: [0.79124088 0.33333333 0.61090909]
[0.95759717 0.27972028 0.48275862] [0.67412935 0.41237113 0.83168317] [0.79124088 0.33333333 0.61090909]

TFB0 ep009-loss0.135-val_loss0.380.h5
202
precision: [0.92532468 0.2804878  0.5234375 ]
recall: [0.70895522 0.4742268  0.66336634]
fscore: [0.8028169  0.35249042 0.58515284]
[0.92532468 0.2804878  0.5234375 ] [0.70895522 0.4742268  0.66336634] [0.8028169  0.35249042 0.58515284]

TFB0 ep010-loss0.137-val_loss0.286.h5
209
precision: [0.95035461 0.25294118 0.54054054]
recall: [0.66666667 0.44329897 0.79207921]
fscore: [0.78362573 0.32209738 0.64257028]
[0.95035461 0.25294118 0.54054054] [0.66666667 0.44329897 0.79207921] [0.78362573 0.32209738 0.64257028]

TFB0 ep011-loss0.135-val_loss0.086.h5
172
precision: [0.9271137  0.30555556 0.51677852]
recall: [0.79104478 0.34020619 0.76237624]
fscore: [0.85369128 0.32195122 0.616     ]
[0.9271137  0.30555556 0.51677852] [0.79104478 0.34020619 0.76237624] [0.85369128 0.32195122 0.616     ]

TFB0 ep012-loss0.129-val_loss0.042.h5
186
precision: [0.92987805 0.27692308 0.43961353]
recall: [0.75870647 0.18556701 0.9009901 ]
fscore: [0.83561644 0.22222222 0.59090909]
[0.92987805 0.27692308 0.43961353] [0.75870647 0.18556701 0.9009901 ] [0.83561644 0.22222222 0.59090909]

TFB0 ep013-loss0.103-val_loss0.052.h5
225
precision: [0.98054475 0.25874126 0.43      ]
recall: [0.62686567 0.3814433  0.85148515]
fscore: [0.76479514 0.30833333 0.57142857]
[0.98054475 0.25874126 0.43      ] [0.62686567 0.3814433  0.85148515] [0.76479514 0.30833333 0.57142857]

TFB0 ep014-loss0.100-val_loss0.048.h5
209
precision: [0.96283784 0.26       0.39215686]
recall: [0.70895522 0.26804124 0.79207921]
fscore: [0.81661891 0.26395939 0.52459016]
[0.96283784 0.26       0.39215686] [0.70895522 0.26804124 0.79207921] [0.81661891 0.26395939 0.52459016]

TFB0 ep015-loss0.095-val_loss0.127.h5
250
precision: [0.95378151 0.23571429 0.40540541]
recall: [0.56467662 0.34020619 0.89108911]
fscore: [0.709375   0.27848101 0.55727554]
[0.95378151 0.23571429 0.40540541] [0.56467662 0.34020619 0.89108911] [0.709375   0.27848101 0.55727554]

---------------------------------------------

TFB1 ep001-loss1.458-val_loss0.728.h5
335
precision: [0.94797688 0.20418848 0.51111111]
recall: [0.4079602  0.80412371 0.22772277]
fscore: [0.57043478 0.3256785  0.31506849]
[0.94797688 0.20418848 0.51111111] [0.4079602  0.80412371 0.22772277] [0.57043478 0.3256785  0.31506849]

TFB1 ep002-loss1.015-val_loss0.531.h5
299
precision: [0.96923077 0.21523179 0.45631068]
recall: [0.47014925 0.67010309 0.46534653]
fscore: [0.63316583 0.32581454 0.46078431]
[0.96923077 0.21523179 0.45631068] [0.47014925 0.67010309 0.46534653] [0.63316583 0.32581454 0.46078431]

TFB1 ep003-loss0.768-val_loss0.394.h5
285
precision: [0.97849462 0.21658986 0.43654822]
recall: [0.45273632 0.48453608 0.85148515]
fscore: [0.61904762 0.29936306 0.57718121]
[0.97849462 0.21658986 0.43654822] [0.45273632 0.48453608 0.85148515] [0.61904762 0.29936306 0.57718121]

TFB1 ep004-loss0.585-val_loss0.552.h5
284
precision: [0.96713615 0.22600619 0.578125  ]
recall: [0.51243781 0.75257732 0.36633663]
fscore: [0.6699187  0.34761905 0.44848485]
[0.96713615 0.22600619 0.578125  ] [0.51243781 0.75257732 0.36633663] [0.6699187  0.34761905 0.44848485]

TFB1 ep005-loss0.441-val_loss0.278.h5
255
precision: [0.98222222 0.22175732 0.52205882]
recall: [0.54975124 0.54639175 0.7029703 ]
fscore: [0.70494418 0.31547619 0.59915612]
[0.98222222 0.22175732 0.52205882] [0.54975124 0.54639175 0.7029703 ] [0.70494418 0.31547619 0.59915612]

TFB1 ep006-loss0.339-val_loss0.218.h5
232
precision: [0.97177419 0.22580645 0.51204819]
recall: [0.59950249 0.43298969 0.84158416]
fscore: [0.74153846 0.29681979 0.63670412]
[0.97177419 0.22580645 0.51204819] [0.59950249 0.43298969 0.84158416] [0.74153846 0.29681979 0.63670412]

TFB1 ep007-loss0.286-val_loss0.356.h5
205
precision: [0.93421053 0.26203209 0.56880734]
recall: [0.70646766 0.50515464 0.61386139]
fscore: [0.80453258 0.34507042 0.59047619]
[0.93421053 0.26203209 0.56880734] [0.70646766 0.50515464 0.61386139] [0.80453258 0.34507042 0.59047619]

TFB1 ep008-loss0.222-val_loss0.215.h5
178
precision: [0.93597561 0.27884615 0.51190476]
recall: [0.76368159 0.29896907 0.85148515]
fscore: [0.84109589 0.28855721 0.6394052 ]
[0.93597561 0.27884615 0.51190476] [0.76368159 0.29896907 0.85148515] [0.84109589 0.28855721 0.6394052 ]

TFB1 ep009-loss0.199-val_loss0.258.h5
204
precision: [0.96808511 0.26857143 0.53146853]
recall: [0.67910448 0.48453608 0.75247525]
fscore: [0.79824561 0.34558824 0.62295082]
[0.96808511 0.26857143 0.53146853] [0.67910448 0.48453608 0.75247525] [0.79824561 0.34558824 0.62295082]

TFB1 ep010-loss0.176-val_loss0.228.h5
198
precision: [0.97508897 0.28089888 0.55319149]
recall: [0.68159204 0.51546392 0.77227723]
fscore: [0.80234261 0.36363636 0.6446281 ]
[0.97508897 0.28089888 0.55319149] [0.68159204 0.51546392 0.77227723] [0.80234261 0.36363636 0.6446281 ]

TFB1 ep011-loss0.157-val_loss0.146.h5
211
precision: [0.93793103 0.25949367 0.5       ]
recall: [0.67661692 0.42268041 0.75247525]
fscore: [0.78612717 0.32156863 0.60079051]
[0.93793103 0.25949367 0.5       ] [0.67661692 0.42268041 0.75247525] [0.78612717 0.32156863 0.60079051]

TFB1 ep012-loss0.145-val_loss0.102.h5
174
precision: [0.92638037 0.32478632 0.5477707 ]
recall: [0.75124378 0.39175258 0.85148515]
fscore: [0.82967033 0.35514019 0.66666667]
[0.92638037 0.32478632 0.5477707 ] [0.75124378 0.39175258 0.85148515] [0.82967033 0.35514019 0.66666667]

TFB1 ep013-loss0.144-val_loss0.132.h5
211
precision: [0.97037037 0.275      0.48823529]
recall: [0.65174129 0.45360825 0.82178218]
fscore: [0.7797619  0.34241245 0.61254613]
[0.97037037 0.275      0.48823529] [0.65174129 0.45360825 0.82178218] [0.7797619  0.34241245 0.61254613]

TFB1 ep014-loss0.132-val_loss0.156.h5
172
precision: [0.90489914 0.31666667 0.57142857]
recall: [0.78109453 0.39175258 0.75247525]
fscore: [0.83845127 0.35023041 0.64957265]
[0.90489914 0.31666667 0.57142857] [0.78109453 0.39175258 0.75247525] [0.83845127 0.35023041 0.64957265]

TFB1 ep015-loss0.117-val_loss0.161.h5
237
precision: [0.9509434  0.21359223 0.38362069]
recall: [0.62686567 0.22680412 0.88118812]
fscore: [0.75562219 0.22       0.53453453]
[0.9509434  0.21359223 0.38362069] [0.62686567 0.22680412 0.88118812] [0.75562219 0.22       0.53453453]

--------------------------------------------------
TFB2 ep001-loss1.343-val_loss0.709.h5
251
precision: [0.92857143 0.26923077 0.30844156]
recall: [0.61442786 0.07216495 0.94059406]
fscore: [0.73952096 0.11382114 0.46454768]
[0.92857143 0.26923077 0.30844156] [0.61442786 0.07216495 0.94059406] [0.73952096 0.11382114 0.46454768]

TFB2 ep002-loss1.020-val_loss0.472.h5
263
precision: [0.96       0.24302789 0.48387097]
recall: [0.53731343 0.62886598 0.59405941]
fscore: [0.68899522 0.35057471 0.53333333]
[0.96       0.24302789 0.48387097] [0.53731343 0.62886598 0.59405941] [0.68899522 0.35057471 0.53333333]

TFB2 ep003-loss0.770-val_loss0.440.h5
201
precision: [0.94193548 0.29910714 0.60606061]
recall: [0.72636816 0.69072165 0.3960396 ]
fscore: [0.82022472 0.41744548 0.47904192]
[0.94193548 0.29910714 0.60606061] [0.72636816 0.69072165 0.3960396 ] [0.82022472 0.41744548 0.47904192]

TFB2 ep004-loss0.557-val_loss0.525.h5
243
precision: [0.97286822 0.26551724 0.55769231]
recall: [0.62437811 0.79381443 0.28712871]
fscore: [0.76060606 0.39793282 0.37908497]
[0.97286822 0.26551724 0.55769231] [0.62437811 0.79381443 0.28712871] [0.76060606 0.39793282 0.37908497]

TFB2 ep005-loss0.479-val_loss0.322.h5
229
precision: [0.97307692 0.26457399 0.5042735 ]
recall: [0.62935323 0.60824742 0.58415842]
fscore: [0.76435045 0.36875    0.5412844 ]
[0.97307692 0.26457399 0.5042735 ] [0.62935323 0.60824742 0.58415842] [0.76435045 0.36875    0.5412844 ]

TFB2 ep006-loss0.392-val_loss0.248.h5
211
precision: [0.96350365 0.2746114  0.54135338]
recall: [0.65671642 0.54639175 0.71287129]
fscore: [0.78106509 0.36551724 0.61538462]
[0.96350365 0.2746114  0.54135338] [0.65671642 0.54639175 0.71287129] [0.78106509 0.36551724 0.61538462]

TFB2 ep007-loss0.341-val_loss0.252.h5
235
precision: [0.95019157 0.25543478 0.4516129 ]
recall: [0.61691542 0.48453608 0.69306931]
fscore: [0.74811463 0.33451957 0.546875  ]
[0.95019157 0.25543478 0.4516129 ] [0.61691542 0.48453608 0.69306931] [0.74811463 0.33451957 0.546875  ]

TFB2 ep008-loss0.283-val_loss0.169.h5
188
precision: [0.94736842 0.29133858 0.5147929 ]
recall: [0.71641791 0.3814433  0.86138614]
fscore: [0.81586402 0.33035714 0.64444444]
[0.94736842 0.29133858 0.5147929 ] [0.71641791 0.3814433  0.86138614] [0.81586402 0.33035714 0.64444444]

TFB2 ep009-loss0.256-val_loss0.245.h5
265
precision: [0.9638009  0.20100503 0.45555556]
recall: [0.52985075 0.41237113 0.81188119]
fscore: [0.68378812 0.27027027 0.58362989]
[0.9638009  0.20100503 0.45555556] [0.52985075 0.41237113 0.81188119] [0.68378812 0.27027027 0.58362989]

TFB2 ep010-loss0.232-val_loss0.238.h5
207
precision: [0.94897959 0.25324675 0.49342105]
recall: [0.69402985 0.40206186 0.74257426]
fscore: [0.80172414 0.31075697 0.59288538]
[0.94897959 0.25324675 0.49342105] [0.69402985 0.40206186 0.74257426] [0.80172414 0.31075697 0.59288538]

TFB2 ep011-loss0.200-val_loss0.102.h5
235
precision: [0.94901961 0.23076923 0.58064516]
recall: [0.60199005 0.5257732  0.71287129]
fscore: [0.73668189 0.32075472 0.64      ]
[0.94901961 0.23076923 0.58064516] [0.60199005 0.5257732  0.71287129] [0.73668189 0.32075472 0.64      ]

TFB2 ep012-loss0.187-val_loss0.060.h5、
183
precision: [0.96587031 0.30714286 0.54491018]
recall: [0.7039801  0.44329897 0.9009901 ]
fscore: [0.81438849 0.3628692  0.67910448]
[0.96587031 0.30714286 0.54491018] [0.7039801  0.44329897 0.9009901 ] [0.81438849 0.3628692  0.67910448]

TFB2 ep013-loss0.154-val_loss0.060.h5
195
precision: [0.95959596 0.29007634 0.47674419]
recall: [0.70895522 0.39175258 0.81188119]
fscore: [0.81545064 0.33333333 0.6007326 ]
[0.95959596 0.29007634 0.47674419] [0.70895522 0.39175258 0.81188119] [0.81545064 0.33333333 0.6007326 ]

TFB2 ep014-loss0.162-val_loss0.100.h5
213
precision: [0.95017794 0.25       0.53956835]
recall: [0.6641791  0.46391753 0.74257426]
fscore: [0.7818448  0.32490975 0.625     ]
[0.95017794 0.25       0.53956835] [0.6641791  0.46391753 0.74257426] [0.7818448  0.32490975 0.625     ]

TFB2 ep015-loss0.156-val_loss0.087.h5
244
precision: [0.98695652 0.22093023 0.45959596]
recall: [0.56467662 0.39175258 0.9009901 ]
fscore: [0.71835443 0.28252788 0.60869565]
[0.98695652 0.22093023 0.45959596] [0.56467662 0.39175258 0.9009901 ] [0.71835443 0.28252788 0.60869565]

--------------------------------------------------
TFB3 ep001-loss1.390-val_loss0.712.h5
343
precision: [0.95238095 0.155      0.33992095]
recall: [0.34825871 0.31958763 0.85148515]
fscore: [0.51001821 0.20875421 0.48587571]
[0.95238095 0.155      0.33992095] [0.34825871 0.31958763 0.85148515] [0.51001821 0.20875421 0.48587571]

TFB3 ep002-loss0.971-val_loss0.488.h5
329
precision: [0.96103896 0.18639053 0.55555556]
recall: [0.3681592  0.64948454 0.59405941]
fscore: [0.5323741  0.28965517 0.57416268]
[0.96103896 0.18639053 0.55555556] [0.3681592  0.64948454 0.59405941] [0.5323741  0.28965517 0.57416268]

TFB3 ep003-loss0.738-val_loss0.485.h5
226
precision: [0.93478261 0.27083333 0.60714286]
recall: [0.64179104 0.67010309 0.5049505 ]
fscore: [0.76106195 0.38575668 0.55135135]
[0.93478261 0.27083333 0.60714286] [0.64179104 0.67010309 0.5049505 ] [0.76106195 0.38575668 0.55135135]

TFB3 ep004-loss0.599-val_loss0.338.h5
218
precision: [0.9430605  0.27118644 0.48591549]
recall: [0.65920398 0.49484536 0.68316832]
fscore: [0.77598829 0.35036496 0.56790123]
[0.9430605  0.27118644 0.48591549] [0.65920398 0.49484536 0.68316832] [0.77598829 0.35036496 0.56790123]

TFB3 ep005-loss0.474-val_loss0.281.h5
212
precision: [0.95636364 0.27222222 0.52413793]
recall: [0.65422886 0.50515464 0.75247525]
fscore: [0.77695716 0.35379061 0.61788618]
[0.95636364 0.27222222 0.52413793] [0.65422886 0.50515464 0.75247525] [0.77695716 0.35379061 0.61788618]

TFB3 ep006-loss0.359-val_loss0.309.h5
216
precision: [0.96043165 0.27319588 0.5       ]
recall: [0.6641791  0.54639175 0.63366337]
fscore: [0.78529412 0.36426117 0.55895197]
[0.96043165 0.27319588 0.5       ] [0.6641791  0.54639175 0.63366337] [0.78529412 0.36426117 0.55895197]

TFB3 ep007-loss0.312-val_loss0.222.h5
215
precision: [0.96551724 0.29081633 0.53146853]
recall: [0.62686567 0.58762887 0.75247525]
fscore: [0.760181   0.3890785  0.62295082]
[0.96551724 0.29081633 0.53146853] [0.62686567 0.58762887 0.75247525] [0.760181   0.3890785  0.62295082]

TFB3 ep008-loss0.322-val_loss0.277.h5
179
precision: [0.9522293  0.32317073 0.56557377]
recall: [0.74378109 0.54639175 0.68316832]
fscore: [0.83519553 0.40613027 0.61883408]
[0.9522293  0.32317073 0.56557377] [0.74378109 0.54639175 0.68316832] [0.83519553 0.40613027 0.61883408]

TFB3 ep009-loss0.261-val_loss0.272.h5
197
precision: [0.97153025 0.35074627 0.44864865]
recall: [0.67910448 0.48453608 0.82178218]
fscore: [0.79941435 0.40692641 0.58041958]
[0.97153025 0.35074627 0.44864865] [0.67910448 0.48453608 0.82178218] [0.79941435 0.40692641 0.58041958]

TFB3 ep010-loss0.223-val_loss0.258.h5
146
precision: [0.92541436 0.38235294 0.65686275]
recall: [0.83333333 0.53608247 0.66336634]
fscore: [0.87696335 0.44635193 0.66009852]
[0.92541436 0.38235294 0.65686275] [0.83333333 0.53608247 0.66336634] [0.87696335 0.44635193 0.66009852]

TFB3 ep011-l1oss0.222-val_loss0.083.h5
180
precision: [0.96710526 0.33076923 0.5       ]
recall: [0.73134328 0.44329897 0.82178218]
fscore: [0.83286119 0.37885463 0.62172285]
[0.96710526 0.33076923 0.5       ] [0.73134328 0.44329897 0.82178218] [0.83286119 0.37885463 0.62172285]

TFB3 ep012-loss0.207-val_loss0.114.h5
199
precision: [0.97818182 0.30769231 0.48351648]
recall: [0.66915423 0.45360825 0.87128713]
fscore: [0.79468242 0.36666667 0.62190813]
[0.97818182 0.30769231 0.48351648] [0.66915423 0.45360825 0.87128713] [0.79468242 0.36666667 0.62190813]

TFB3 ep013-loss0.187-val_loss0.168.h5
215
precision: [0.97727273 0.28220859 0.46820809]
recall: [0.64179104 0.4742268  0.8019802 ]
fscore: [0.77477477 0.35384615 0.59124088]
[0.97727273 0.28220859 0.46820809] [0.64179104 0.4742268  0.8019802 ] [0.77477477 0.35384615 0.59124088]

TFB3 ep014-loss0.135-val_loss0.071.h5
198
precision: [0.97173145 0.31788079 0.47590361]
recall: [0.6840796  0.49484536 0.78217822]
fscore: [0.80291971 0.38709677 0.5917603 ]
[0.97173145 0.31788079 0.47590361] [0.6840796  0.49484536 0.78217822] [0.80291971 0.38709677 0.5917603 ]

TFB3 ep015-loss0.184-val_loss0.217.h5
247
precision: [0.99122807 0.25114155 0.47058824]
recall: [0.56218905 0.56701031 0.71287129]
fscore: [0.71746032 0.34810127 0.56692913]
[0.99122807 0.25114155 0.47058824] [0.56218905 0.56701031 0.71287129] [0.71746032 0.34810127 0.56692913]

----------------------------------------
TFB4 ep001-loss0.841-val_loss0.288.h5
302
precision: [0.98484848 0.13636364 0.27094972]
recall: [0.48507463 0.06185567 0.96039604]
fscore: [0.65       0.08510638 0.42265795]
[0.98484848 0.13636364 0.27094972] [0.48507463 0.06185567 0.96039604] [0.65       0.08510638 0.42265795]

TFB4 ep002-loss0.953-val_loss0.458.h5
320
precision: [0.98726115 0.20634921 0.33858268]
recall: [0.38557214 0.40206186 0.85148515]
fscore: [0.55456172 0.27272727 0.48450704]
[0.98726115 0.20634921 0.33858268] [0.38557214 0.40206186 0.85148515] [0.55456172 0.27272727 0.48450704]

TFB4 ep003-loss0.705-val_loss0.287.h5
209
precision: [0.95970696 0.30612245 0.46666667]
recall: [0.65174129 0.46391753 0.83168317]
fscore: [0.7762963  0.36885246 0.59786477]
[0.95970696 0.30612245 0.46666667] [0.65174129 0.46391753 0.83168317] [0.7762963  0.36885246 0.59786477]

TFB4 ep004-loss0.542-val_loss0.392.h5
274
precision: [0.98974359 0.23863636 0.4964539 ]
recall: [0.4800995  0.64948454 0.69306931]
fscore: [0.64656616 0.34903047 0.5785124 ]
[0.98974359 0.23863636 0.4964539 ] [0.4800995  0.64948454 0.69306931] [0.64656616 0.34903047 0.5785124 ]

TFB4 ep005-loss0.470-val_loss0.274.h5
310
precision: [1.         0.18446602 0.3826087 ]
recall: [0.4079602  0.39175258 0.87128713]
fscore: [0.5795053  0.25082508 0.53172205]
[1.         0.18446602 0.3826087 ] [0.4079602  0.39175258 0.87128713] [0.5795053  0.25082508 0.53172205]

TFB4 ep006-loss0.342-val_loss0.292.h5
274
precision: [0.97260274 0.19047619 0.33695652]
recall: [0.52985075 0.20618557 0.92079208]
fscore: [0.68599034 0.1980198  0.4933687 ]
[0.97260274 0.19047619 0.33695652] [0.52985075 0.20618557 0.92079208] [0.68599034 0.1980198  0.4933687 ]

TFB4 ep007-loss0.301-val_loss0.181.h5
177
precision: [0.94832827 0.24096386 0.48404255]
recall: [0.7761194  0.20618557 0.9009901 ]
fscore: [0.85362517 0.22222222 0.62975779]
[0.94832827 0.24096386 0.48404255] [0.7761194  0.20618557 0.9009901 ] [0.85362517 0.22222222 0.62975779]

TFB4 ep008-loss0.240-val_loss0.148.h5
180
precision: [0.94936709 0.35632184 0.45177665]
recall: [0.74626866 0.31958763 0.88118812]
fscore: [0.8356546  0.33695652 0.59731544]
[0.94936709 0.35632184 0.45177665] [0.74626866 0.31958763 0.88118812] [0.8356546  0.33695652 0.59731544]

TFB4 ep009-loss0.237-val_loss0.171.h5
194
precision: [0.95666667 0.33050847 0.43956044]
recall: [0.71393035 0.40206186 0.79207921]
fscore: [0.81766382 0.3627907  0.56537102]
[0.95666667 0.33050847 0.43956044] [0.71393035 0.40206186 0.79207921] [0.81766382 0.3627907  0.56537102]

TFB4 ep010-loss0.195-val_loss0.453.h5
238
precision: [0.97540984 0.2704918  0.38888889]
recall: [0.5920398  0.34020619 0.9009901 ]
fscore: [0.73684211 0.30136986 0.54328358]
[0.97540984 0.2704918  0.38888889] [0.5920398  0.34020619 0.9009901 ] [0.73684211 0.30136986 0.54328358]

TFB4 ep011-loss0.187-val_loss0.092.h5
200
precision: [0.95205479 0.30496454 0.47305389]
recall: [0.69154229 0.44329897 0.78217822]
fscore: [0.80115274 0.36134454 0.58955224]
[0.95205479 0.30496454 0.47305389] [0.69154229 0.44329897 0.78217822] [0.80115274 0.36134454 0.58955224]

TFB4 ep012-loss0.187-val_loss0.103.h5
205
precision: [0.9540636  0.29569892 0.53435115]
recall: [0.67164179 0.56701031 0.69306931]
fscore: [0.78832117 0.38869258 0.60344828]
[0.9540636  0.29569892 0.53435115] [0.67164179 0.56701031 0.69306931] [0.78832117 0.38869258 0.60344828]

TFB4 ep013-loss0.187-val_loss0.161.h5
253
precision: [0.97008547 0.21383648 0.41545894]
recall: [0.56467662 0.35051546 0.85148515]
fscore: [0.71383648 0.265625   0.55844156]
[0.97008547 0.21383648 0.41545894] [0.56467662 0.35051546 0.85148515] [0.71383648 0.265625   0.55844156]

TFB4 ep014-loss0.161-val_loss0.272.h5
285
precision: [0.96428571 0.21259843 0.48      ]
recall: [0.47014925 0.55670103 0.71287129]
fscore: [0.63210702 0.30769231 0.57370518]
[0.96428571 0.21259843 0.48      ] [0.47014925 0.55670103 0.71287129] [0.63210702 0.30769231 0.57370518]

TFB4 ep015-loss0.157-val_loss0.183.h5
242
precision: [0.96761134 0.22941176 0.43715847]
recall: [0.59452736 0.40206186 0.79207921]
fscore: [0.73651772 0.29213483 0.56338028]
[0.96761134 0.22941176 0.43715847] [0.59452736 0.40206186 0.79207921] [0.73651772 0.29213483 0.56338028]

---------------------------------------

BB0 ep001-loss0.637-val_loss0.309.h5
188
precision: [0.95254237 0.30357143 0.58394161]
recall: [0.69900498 0.5257732  0.79207921]
fscore: [0.80631277 0.38490566 0.67226891]
[0.95254237 0.30357143 0.58394161] [0.69900498 0.5257732  0.79207921] [0.80631277 0.38490566 0.67226891]

BB0 ep002-loss0.258-val_loss0.212.h5
184
precision: [0.9632107  0.3271028  0.47938144]
recall: [0.71641791 0.36082474 0.92079208]
fscore: [0.82168331 0.34313725 0.63050847]
[0.9632107  0.3271028  0.47938144] [0.71641791 0.36082474 0.92079208] [0.82168331 0.34313725 0.63050847]

BB0 ep003-loss0.114-val_loss0.236.h5
171
precision: [0.93274854 0.30909091 0.51351351]
recall: [0.79353234 0.35051546 0.75247525]
fscore: [0.85752688 0.32850242 0.61044177]
[0.93274854 0.30909091 0.51351351] [0.79353234 0.35051546 0.75247525] [0.85752688 0.32850242 0.61044177]

BB0 ep004-loss0.084-val_loss0.250.h5
175
precision: [0.96815287 0.37878788 0.43636364]
recall: [0.75621891 0.25773196 0.95049505]
fscore: [0.84916201 0.30674847 0.59813084]
[0.96815287 0.37878788 0.43636364] [0.75621891 0.25773196 0.95049505] [0.84916201 0.30674847 0.59813084]

BB0 ep005-loss0.062-val_loss0.204.h5
163
precision: [0.94152047 0.36842105 0.46766169]
recall: [0.80099502 0.21649485 0.93069307]
fscore: [0.8655914  0.27272727 0.62251656]
[0.94152047 0.36842105 0.46766169] [0.80099502 0.21649485 0.93069307] [0.8655914  0.27272727 0.62251656]

BB0 ep006-loss0.037-val_loss0.284.h5
187
precision: [0.94936709 0.34042553 0.42631579]
recall: [0.74626866 0.32989691 0.8019802 ]
fscore: [0.8356546  0.33507853 0.55670103]
[0.94936709 0.34042553 0.42631579] [0.74626866 0.32989691 0.8019802 ] [0.8356546  0.33507853 0.55670103]

BB0 ep007-loss0.053-val_loss0.244.h5
155
precision: [0.95348837 0.4        0.47087379]
recall: [0.8159204  0.20618557 0.96039604]
fscore: [0.87935657 0.27210884 0.63192182]
[0.95348837 0.4        0.47087379] [0.8159204  0.20618557 0.96039604] [0.87935657 0.27210884 0.63192182]

BB0 ep008-loss0.029-val_loss0.311.h5
163
precision: [0.94444444 0.36486486 0.47282609]
recall: [0.80348259 0.27835052 0.86138614]
fscore: [0.86827957 0.31578947 0.61052632]
[0.94444444 0.36486486 0.47282609] [0.80348259 0.27835052 0.86138614] [0.86827957 0.31578947 0.61052632]

BB0 ep009-loss0.031-val_loss0.293.h5
144
precision: [0.9040404  0.38235294 0.52941176]
recall: [0.89054726 0.26804124 0.71287129]
fscore: [0.89724311 0.31515152 0.60759494]

BB0 ep010-loss0.041-val_loss0.269.h5
150
precision: [0.92391304 0.37931034 0.50574713]
recall: [0.84577114 0.22680412 0.87128713]
fscore: [0.88311688 0.28387097 0.64      ]
[0.92391304 0.37931034 0.50574713] [0.84577114 0.22680412 0.87128713] [0.88311688 0.28387097 0.64      ]
-----------------------------------------------

BB1 ep001-loss0.660-val_loss0.295.h5
210
precision: [0.96703297 0.29571984 0.71428571]
recall: [0.65671642 0.78350515 0.4950495 ]
fscore: [0.78222222 0.42937853 0.58479532]
[0.96703297 0.29571984 0.71428571] [0.65671642 0.78350515 0.4950495 ] [0.78222222 0.42937853 0.58479532]

BB1 ep002-loss0.263-val_loss0.192.h5
226
precision: [0.96666667 0.2278481  0.44767442]
recall: [0.64925373 0.37113402 0.76237624]
fscore: [0.77678571 0.28235294 0.56410256]
[0.96666667 0.2278481  0.44767442] [0.64925373 0.37113402 0.76237624] [0.77678571 0.28235294 0.56410256]

BB1 ep003-loss0.143-val_loss0.210.h5
183
precision: [0.95268139 0.36440678 0.43636364]
recall: [0.75124378 0.44329897 0.71287129]
fscore: [0.84005563 0.4        0.54135338]
[0.95268139 0.36440678 0.43636364] [0.75124378 0.44329897 0.71287129] [0.84005563 0.4        0.54135338]

BB1 ep004-loss0.104-val_loss0.178.h5
178
precision: [0.92966361 0.30935252 0.55970149]
recall: [0.75621891 0.44329897 0.74257426]
fscore: [0.8340192  0.36440678 0.63829787]
[0.92966361 0.30935252 0.55970149] [0.75621891 0.44329897 0.74257426] [0.8340192  0.36440678 0.63829787]

BB1 ep005-loss0.065-val_loss0.087.h5
204
precision: [0.97212544 0.29166667 0.41013825]
recall: [0.69402985 0.28865979 0.88118812]
fscore: [0.80986938 0.29015544 0.55974843]
[0.97212544 0.29166667 0.41013825] [0.69402985 0.28865979 0.88118812] [0.80986938 0.29015544 0.55974843]

BB1 ep006-loss0.057-val_loss0.237.h5
151
precision: [0.9144385  0.36363636 0.54347826]
recall: [0.85074627 0.32989691 0.74257426]
fscore: [0.8814433  0.34594595 0.62761506]
[0.9144385  0.36363636 0.54347826] [0.85074627 0.32989691 0.74257426] [0.8814433  0.34594595 0.62761506]

BB1 ep007-loss0.059-val_loss0.179.h5
167
precision: [0.91477273 0.31034483 0.56818182]
recall: [0.80099502 0.37113402 0.74257426]
fscore: [0.85411141 0.33802817 0.64377682]
[0.91477273 0.31034483 0.56818182] [0.80099502 0.37113402 0.74257426] [0.85411141 0.33802817 0.64377682]

BB1 ep008-loss0.051-val_loss0.182.h5
221
precision: [0.96099291 0.28571429 0.35294118]
recall: [0.67412935 0.18556701 0.89108911]
fscore: [0.79239766 0.225      0.50561798]
[0.96099291 0.28571429 0.35294118] [0.67412935 0.18556701 0.89108911] [0.79239766 0.225      0.50561798]

BB1 ep009-loss0.035-val_loss0.182.h5
186
precision: [0.90615836 0.2688172  0.48192771]
recall: [0.76865672 0.25773196 0.79207921]
fscore: [0.83176312 0.26315789 0.59925094]
[0.90615836 0.2688172  0.48192771] [0.76865672 0.25773196 0.79207921] [0.83176312 0.26315789 0.59925094]

BB1 ep010-loss0.033-val_loss0.133.h5
156
precision: [0.92957746 0.35632184 0.52531646]
recall: [0.82089552 0.31958763 0.82178218]
fscore: [0.87186262 0.33695652 0.64092664]
[0.92957746 0.35632184 0.52531646] [0.82089552 0.31958763 0.82178218] [0.87186262 0.33695652 0.64092664]

--------------------------------------------
BB2 ep001-loss0.640-val_loss0.252.h5
213
precision: [0.97435897 0.28755365 0.57446809]
recall: [0.66169154 0.69072165 0.53465347]
fscore: [0.78814815 0.40606061 0.55384615]
[0.97435897 0.28755365 0.57446809] [0.66169154 0.69072165 0.53465347] [0.78814815 0.40606061 0.55384615]

BB2 ep002-loss0.272-val_loss0.187.h5
193
precision: [0.97849462 0.30319149 0.57894737]
recall: [0.67910448 0.58762887 0.76237624]
fscore: [0.80176211 0.4        0.65811966]
[0.97849462 0.30319149 0.57894737] [0.67910448 0.58762887 0.76237624] [0.80176211 0.4        0.65811966]

BB2 ep003-loss0.160-val_loss0.140.h5
156
precision: [0.95335277 0.34883721 0.50877193]
recall: [0.81343284 0.30927835 0.86138614]
fscore: [0.87785235 0.32786885 0.63970588]
[0.95335277 0.34883721 0.50877193] [0.81343284 0.30927835 0.86138614] [0.87785235 0.32786885 0.63970588]

BB2 ep004-loss0.112-val_loss0.108.h5
171
precision: [0.97039474 0.36585366 0.51445087]
recall: [0.73383085 0.46391753 0.88118812]
fscore: [0.83569405 0.40909091 0.64963504]
[0.97039474 0.36585366 0.51445087] [0.73383085 0.46391753 0.88118812] [0.83569405 0.40909091 0.64963504]

BB2 ep005-loss0.082-val_loss0.170.h5
147
precision: [0.92837466 0.41333333 0.52469136]
recall: [0.83830846 0.31958763 0.84158416]
fscore: [0.88104575 0.36046512 0.64638783]
[0.92837466 0.41333333 0.52469136] [0.83830846 0.31958763 0.84158416] [0.88104575 0.36046512 0.64638783]

BB2 ep006-loss0.073-val_loss0.223.h5
219
precision: [0.97265625 0.2761194  0.45238095]
recall: [0.61940299 0.3814433  0.94059406]
fscore: [0.75683891 0.32034632 0.61093248]
[0.97265625 0.2761194  0.45238095] [0.61940299 0.3814433  0.94059406] [0.75683891 0.32034632 0.61093248]

BB2 ep007-loss0.054-val_loss0.158.h5
147
precision: [0.92915531 0.49056604 0.47777778]
recall: [0.84825871 0.26804124 0.85148515]
fscore: [0.88686606 0.34666667 0.61209964]
[0.92915531 0.49056604 0.47777778] [0.84825871 0.26804124 0.85148515] [0.88686606 0.34666667 0.61209964]

BB2 ep008-loss0.045-val_loss0.124.h5
165
precision: [0.94152047 0.37837838 0.46195652]
recall: [0.80099502 0.28865979 0.84158416]
fscore: [0.8655914  0.32748538 0.59649123]
[0.94152047 0.37837838 0.46195652] [0.80099502 0.28865979 0.84158416] [0.8655914  0.32748538 0.59649123]

BB2 ep009-loss0.047-val_loss0.147.h5
159
precision: [0.96119403 0.37837838 0.47643979]
recall: [0.80099502 0.28865979 0.9009901 ]
fscore: [0.87381275 0.32748538 0.62328767]
[0.96119403 0.37837838 0.47643979] [0.80099502 0.28865979 0.9009901 ] [0.87381275 0.32748538 0.62328767]

BB2 ep010-loss0.047-val_loss0.080.h5
165
precision: [0.94864048 0.34313725 0.51497006]
recall: [0.78109453 0.36082474 0.85148515]
fscore: [0.85675307 0.35175879 0.64179104]
[0.94864048 0.34313725 0.51497006] [0.78109453 0.36082474 0.85148515] [0.85675307 0.35175879 0.64179104]

------------------------------------------------
BB3 ep001-loss0.610-val_loss0.309.h5
178
precision: [0.94864048 0.33333333 0.47014925]
recall: [0.78109453 0.46391753 0.62376238]
fscore: [0.85675307 0.38793103 0.53617021]
[0.94864048 0.33333333 0.47014925] [0.78109453 0.46391753 0.62376238] [0.85675307 0.38793103 0.53617021]

BB3 ep002-loss0.256-val_loss0.291.h5
176
precision: [0.95031056 0.33823529 0.50704225]
recall: [0.76119403 0.4742268  0.71287129]
fscore: [0.84530387 0.39484979 0.59259259]
[0.95031056 0.33823529 0.50704225] [0.76119403 0.4742268  0.71287129] [0.84530387 0.39484979 0.59259259]

BB3 ep003-loss0.153-val_loss0.222.h5
166
precision: [0.90710383 0.37254902 0.45355191]
recall: [0.82587065 0.19587629 0.82178218]
fscore: [0.86458333 0.25675676 0.58450704]
[0.90710383 0.37254902 0.45355191] [0.82587065 0.19587629 0.82178218] [0.86458333 0.25675676 0.58450704]

BB3 ep004-loss0.092-val_loss0.259.h5
140
precision: [0.91116751 0.44680851 0.50314465]
recall: [0.89303483 0.21649485 0.79207921]
fscore: [0.90201005 0.29166667 0.61538462]
[0.91116751 0.44680851 0.50314465] [0.89303483 0.21649485 0.79207921] [0.90201005 0.29166667 0.61538462]

BB3 ep005-loss0.084-val_loss0.325.h5
144
precision: [0.95       0.41358025 0.67346939]
recall: [0.80348259 0.69072165 0.65346535]
fscore: [0.87061995 0.51737452 0.66331658]
[0.95       0.41358025 0.67346939] [0.80348259 0.69072165 0.65346535] [0.87061995 0.51737452 0.66331658]

BB3 ep006-loss0.067-val_loss0.280.h5
200
precision: [0.96587031 0.32       0.40086207]
recall: [0.7039801  0.24742268 0.92079208]
fscore: [0.81438849 0.27906977 0.55855856]
[0.96587031 0.32       0.40086207] [0.7039801  0.24742268 0.92079208] [0.81438849 0.27906977 0.55855856]

BB3 ep007-loss0.047-val_loss0.242.h5
169
precision: [0.95121951 0.34       0.49418605]
recall: [0.7761194  0.35051546 0.84158416]
fscore: [0.85479452 0.34517766 0.62271062]
[0.95121951 0.34       0.49418605] [0.7761194  0.35051546 0.84158416] [0.85479452 0.34517766 0.62271062]

BB3 ep008-loss0.038-val_loss0.216.h5
146
precision: [0.92572944 0.3877551  0.49425287]
recall: [0.8681592  0.19587629 0.85148515]
fscore: [0.89602054 0.26027397 0.62545455]
[0.92572944 0.3877551  0.49425287] [0.8681592  0.19587629 0.85148515] [0.89602054 0.26027397 0.62545455]

BB3 ep009-loss0.045-val_loss0.247.h5
197
precision: [0.9375     0.23664122 0.52727273]
recall: [0.70895522 0.31958763 0.86138614]
fscore: [0.80736544 0.27192982 0.65413534]
[0.9375     0.23664122 0.52727273] [0.70895522 0.31958763 0.86138614] [0.80736544 0.27192982 0.65413534]

BB3 ep010-loss0.033-val_loss0.342.h5
159
precision: [0.95652174 0.38181818 0.45      ]
recall: [0.82089552 0.21649485 0.89108911]
fscore: [0.88353414 0.27631579 0.59800664]
[0.95652174 0.38181818 0.45      ] [0.82089552 0.21649485 0.89108911] [0.88353414 0.27631579 0.59800664]
--------------------------------------------------

BB4 ep001-loss0.651-val_loss0.215.h5
171
precision: [0.94785276 0.34042553 0.54135338]
recall: [0.76865672 0.49484536 0.71287129]
fscore: [0.8489011  0.40336134 0.61538462]
[0.94785276 0.34042553 0.54135338] [0.76865672 0.49484536 0.71287129] [0.8489011  0.40336134 0.61538462]

BB4 ep002-loss0.283-val_loss0.159.h5
173
precision: [0.9382716  0.35761589 0.552     ]
recall: [0.75621891 0.55670103 0.68316832]
fscore: [0.83746556 0.43548387 0.61061947]
[0.9382716  0.35761589 0.552     ] [0.75621891 0.55670103 0.68316832] [0.83746556 0.43548387 0.61061947]

BB4 ep003-loss0.169-val_loss0.143.h5
176
precision: [0.93030303 0.28735632 0.50273224]
recall: [0.76368159 0.25773196 0.91089109]
fscore: [0.83879781 0.27173913 0.64788732]
[0.93030303 0.28735632 0.50273224] [0.76368159 0.25773196 0.91089109] [0.83879781 0.27173913 0.64788732]

BB4 ep004-loss0.136-val_loss0.138.h5
141
precision: [0.93048128 0.39506173 0.54482759]
recall: [0.86567164 0.32989691 0.78217822]
fscore: [0.89690722 0.35955056 0.64227642]
[0.93048128 0.39506173 0.54482759] [0.86567164 0.32989691 0.78217822] [0.89690722 0.35955056 0.64227642]

BB4 ep005-loss0.085-val_loss0.222.h5
209
precision: [0.96350365 0.30215827 0.45454545]
recall: [0.65671642 0.43298969 0.84158416]
fscore: [0.78106509 0.3559322  0.59027778]
[0.96350365 0.30215827 0.45454545] [0.65671642 0.43298969 0.84158416] [0.78106509 0.3559322  0.59027778]

BB4 ep006-loss0.074-val_loss0.213.h5
136
precision: [0.93093923 0.45454545 0.58992806]
recall: [0.83830846 0.46391753 0.81188119]
fscore: [0.88219895 0.45918367 0.68333333]
[0.93093923 0.45454545 0.58992806] [0.83830846 0.46391753 0.81188119] [0.88219895 0.45918367 0.68333333]

BB4 ep007-loss0.051-val_loss0.199.h5
184
precision: [0.97297297 0.33027523 0.47179487]
recall: [0.71641791 0.37113402 0.91089109]
fscore: [0.8252149  0.34951456 0.62162162]
[0.97297297 0.33027523 0.47179487] [0.71641791 0.37113402 0.91089109] [0.8252149  0.34951456 0.62162162]

BB4 ep008-loss0.049-val_loss0.195.h5
137
precision: [0.92287234 0.43396226 0.54385965]
recall: [0.86318408 0.2371134  0.92079208]
fscore: [0.89203085 0.30666667 0.68382353]
[0.92287234 0.43396226 0.54385965] [0.86318408 0.2371134  0.92079208] [0.89203085 0.30666667 0.68382353]

BB4 ep009-loss0.057-val_loss0.117.h5
166
precision: [0.95       0.34782609 0.44392523]
recall: [0.80348259 0.16494845 0.94059406]
fscore: [0.87061995 0.22377622 0.6031746 ]
[0.95       0.34782609 0.44392523] [0.80348259 0.16494845 0.94059406] [0.87061995 0.22377622 0.6031746 ]

BB4 ep010-loss0.038-val_loss0.236.h5
170
precision: [0.97133758 0.3490566  0.48888889]
recall: [0.75870647 0.3814433  0.87128713]
fscore: [0.85195531 0.36453202 0.62633452]
[0.97133758 0.3490566  0.48888889] [0.75870647 0.3814433  0.87128713] [0.85195531 0.36453202 0.62633452]

------------------------------------

TFLB0 ep001-loss0.889-val_loss0.651.h5
293
precision: [0.97156398 0.25423729 0.28723404]
recall: [0.50995025 0.77319588 0.26732673]
fscore: [0.66884176 0.38265306 0.27692308]
[0.97156398 0.25423729 0.28723404] [0.50995025 0.77319588 0.26732673] [0.66884176 0.38265306 0.27692308]

TFLB0 ep002-loss0.670-val_loss0.430.h5
225
precision: [0.95785441 0.27932961 0.46875   ]
recall: [0.62189055 0.51546392 0.74257426]
fscore: [0.75414781 0.36231884 0.57471264]
[0.95785441 0.27932961 0.46875   ] [0.62189055 0.51546392 0.74257426] [0.75414781 0.36231884 0.57471264]

TFLB0 ep003-loss0.517-val_loss0.369.h5
198
precision: [0.96296296 0.3030303  0.53333333]
recall: [0.71144279 0.6185567  0.55445545]
fscore: [0.81831187 0.40677966 0.54368932]
[0.96296296 0.3030303  0.53333333] [0.71144279 0.6185567  0.55445545] [0.81831187 0.40677966 0.54368932]

TFLB0 ep004-loss0.371-val_loss0.272.h5
181
precision: [0.92705167 0.33766234 0.45360825]
recall: [0.75870647 0.26804124 0.87128713]
fscore: [0.83447332 0.29885057 0.59661017]
[0.92705167 0.33766234 0.45360825] [0.75870647 0.26804124 0.87128713] [0.83447332 0.29885057 0.59661017]

TFLB0 ep005-loss0.241-val_loss0.245.h5
231
precision: [0.97244094 0.28571429 0.40201005]
recall: [0.61442786 0.43298969 0.79207921]
fscore: [0.75304878 0.3442623  0.53333333]
[0.97244094 0.28571429 0.40201005] [0.61442786 0.43298969 0.79207921] [0.75304878 0.3442623  0.53333333]

TFLB0 ep006-loss0.198-val_loss0.257.h5
185
precision: [0.95348837 0.33986928 0.52054795]
recall: [0.71393035 0.53608247 0.75247525]
fscore: [0.81650071 0.416      0.61538462]
[0.95348837 0.33986928 0.52054795] [0.71393035 0.53608247 0.75247525] [0.81650071 0.416      0.61538462]

TFLB0 ep007-loss0.170-val_loss0.328.h5
204
precision: [0.95532646 0.27522936 0.44      ]
recall: [0.69154229 0.30927835 0.87128713]
fscore: [0.8023088  0.29126214 0.58471761]
[0.95532646 0.27522936 0.44      ] [0.69154229 0.30927835 0.87128713] [0.8023088  0.29126214 0.58471761]

TFLB0 ep008-loss0.142-val_loss0.298.h5
173
precision: [0.94224924 0.34931507 0.528     ]
recall: [0.77114428 0.5257732  0.65346535]
fscore: [0.84815321 0.41975309 0.5840708 ]
[0.94224924 0.34931507 0.528     ] [0.77114428 0.5257732  0.65346535] [0.84815321 0.41975309 0.5840708 ]

TFLB0 ep009-loss0.127-val_loss0.244.h5
169
precision: [0.90449438 0.33333333 0.53676471]
recall: [0.80099502 0.37113402 0.72277228]
fscore: [0.84960422 0.35121951 0.61603376]
[0.90449438 0.33333333 0.53676471] [0.80099502 0.37113402 0.72277228] [0.84960422 0.35121951 0.61603376]

TFLB0 ep010-loss0.128-val_loss0.346.h5
171
precision: [0.90960452 0.3        0.54411765]
recall: [0.80099502 0.34020619 0.73267327]
fscore: [0.85185185 0.31884058 0.62447257]
[0.90960452 0.3        0.54411765] [0.80099502 0.34020619 0.73267327] [0.85185185 0.31884058 0.62447257]

TFLB0 ep011-loss0.140-val_loss0.103.h5
175
precision: [0.94294294 0.30188679 0.49068323]
recall: [0.78109453 0.32989691 0.78217822]
fscore: [0.85442177 0.31527094 0.60305344]
[0.94294294 0.30188679 0.49068323] [0.78109453 0.32989691 0.78217822] [0.85442177 0.31527094 0.60305344]

TFLB0 ep012-loss0.105-val_loss0.094.h5
200
precision: [0.94059406 0.25663717 0.4673913 ]
recall: [0.70895522 0.29896907 0.85148515]
fscore: [0.80851064 0.27619048 0.60350877]
[0.94059406 0.25663717 0.4673913 ] [0.70895522 0.29896907 0.85148515] [0.80851064 0.27619048 0.60350877]

TFLB0 ep013-loss0.112-val_loss0.183.h5
225
precision: [0.95955882 0.26126126 0.39170507]
recall: [0.64925373 0.29896907 0.84158416]
fscore: [0.77448071 0.27884615 0.53459119]
[0.95955882 0.26126126 0.39170507] [0.64925373 0.29896907 0.84158416] [0.77448071 0.27884615 0.53459119]

TFLB0 ep014-loss0.104-val_loss0.083.h5
166
precision: [0.92285714 0.34343434 0.50993377]
recall: [0.80348259 0.35051546 0.76237624]
fscore: [0.85904255 0.34693878 0.61111111]
[0.92285714 0.34343434 0.50993377] [0.80348259 0.35051546 0.76237624] [0.85904255 0.34693878 0.61111111]

TFLB0 ep015-loss0.120-val_loss0.075.h5
174
precision: [0.92732558 0.36781609 0.44378698]
recall: [0.79353234 0.32989691 0.74257426]
fscore: [0.85522788 0.34782609 0.55555556]
[0.92732558 0.36781609 0.44378698] [0.79353234 0.32989691 0.74257426] [0.85522788 0.34782609 0.55555556]

TFLB0 ep016-loss0.073-val_loss0.109.h5
194
precision: [0.93831169 0.37349398 0.41148325]
recall: [0.71890547 0.31958763 0.85148515]
fscore: [0.81408451 0.34444444 0.55483871]
[0.93831169 0.37349398 0.41148325] [0.71890547 0.31958763 0.85148515] [0.81408451 0.34444444 0.55483871]

TFLB0 ep017-loss0.073-val_loss0.125.h5
202
precision: [0.94321767 0.29090909 0.36403509]
recall: [0.74378109 0.16494845 0.82178218]
fscore: [0.83171071 0.21052632 0.50455927]
[0.94321767 0.29090909 0.36403509] [0.74378109 0.16494845 0.82178218] [0.83171071 0.21052632 0.50455927]

TFLB0 ep018-loss0.105-val_loss0.117.h5
171
precision: [0.94362018 0.37704918 0.43564356]
recall: [0.79104478 0.2371134  0.87128713]
fscore: [0.86062246 0.29113924 0.58085809]
[0.94362018 0.37704918 0.43564356] [0.79104478 0.2371134  0.87128713] [0.86062246 0.29113924 0.58085809]

TFLB0 ep019-loss0.072-val_loss0.126.h5
158
precision: [0.9454023  0.37209302 0.48795181]
recall: [0.81840796 0.32989691 0.8019802 ]
fscore: [0.87733333 0.34972678 0.60674157]
[0.9454023  0.37209302 0.48795181] [0.81840796 0.32989691 0.8019802 ] [0.87733333 0.34972678 0.60674157]

TFLB0 ep020-loss0.079-val_loss0.104.h5
178
precision: [0.96013289 0.33846154 0.52662722]
recall: [0.71890547 0.45360825 0.88118812]
fscore: [0.82219061 0.3876652  0.65925926]
[0.96013289 0.33846154 0.52662722] [0.71890547 0.45360825 0.88118812] [0.82219061 0.3876652  0.65925926]

------------------------------------------------

TFLB1 ep001-loss0.865-val_loss0.534.h5
276
precision: [0.96330275 0.23024055 0.51648352]
recall: [0.52238806 0.69072165 0.46534653]
fscore: [0.67741935 0.34536082 0.48958333]
[0.96330275 0.23024055 0.51648352] [0.52238806 0.69072165 0.46534653] [0.67741935 0.34536082 0.48958333]

TFLB1 ep002-loss0.620-val_loss0.331.h5
303
precision: [0.96590909 0.20068027 0.52307692]
recall: [0.42288557 0.60824742 0.67326733]
fscore: [0.58823529 0.30179028 0.58874459]
[0.96590909 0.20068027 0.52307692] [0.42288557 0.60824742 0.67326733] [0.58823529 0.30179028 0.58874459]

TFLB1 ep003-loss0.502-val_loss0.227.h5
242
precision: [0.96707819 0.26190476 0.41798942]
recall: [0.58457711 0.45360825 0.78217822]
fscore: [0.72868217 0.33207547 0.54482759]
[0.96707819 0.26190476 0.41798942] [0.58457711 0.45360825 0.78217822] [0.72868217 0.33207547 0.54482759]

TFLB1 ep004-loss0.388-val_loss0.232.h5
215
precision: [0.93485342 0.22222222 0.41916168]
recall: [0.71393035 0.28865979 0.69306931]
fscore: [0.80959097 0.25112108 0.52238806]
[0.93485342 0.22222222 0.41916168] [0.71393035 0.28865979 0.69306931] [0.80959097 0.25112108 0.52238806]

TFLB1 ep005-loss0.329-val_loss0.225.h5
219
precision: [0.95652174 0.24503311 0.46242775]
recall: [0.65671642 0.3814433  0.79207921]
fscore: [0.77876106 0.2983871  0.58394161]
[0.95652174 0.24503311 0.46242775] [0.65671642 0.3814433  0.79207921] [0.77876106 0.2983871  0.58394161]

TFLB1 ep006-loss0.269-val_loss0.170.h5
202
precision: [0.94880546 0.25       0.46733668]
recall: [0.69154229 0.27835052 0.92079208]
fscore: [0.8        0.26341463 0.62      ]
[0.94880546 0.25       0.46733668] [0.69154229 0.27835052 0.92079208] [0.8        0.26341463 0.62      ]

TFLB1 ep007-loss0.254-val_loss0.222.h5
215
precision: [0.91639871 0.21538462 0.45283019]
recall: [0.70895522 0.28865979 0.71287129]
fscore: [0.79943899 0.24669604 0.55384615]
[0.91639871 0.21538462 0.45283019] [0.70895522 0.28865979 0.71287129] [0.79943899 0.24669604 0.55384615]

TFLB1 ep008-loss0.201-val_loss0.191.h5
232
precision: [0.94676806 0.2284264  0.52857143]
recall: [0.61940299 0.46391753 0.73267327]
fscore: [0.74887218 0.30612245 0.61410788]
[0.94676806 0.2284264  0.52857143] [0.61940299 0.46391753 0.73267327] [0.74887218 0.30612245 0.61410788]

TFLB1 ep009-loss0.175-val_loss0.156.h5
211
precision: [0.95189003 0.20353982 0.45408163]
recall: [0.68905473 0.2371134  0.88118812]
fscore: [0.7994228  0.21904762 0.5993266 ]
[0.95189003 0.20353982 0.45408163] [0.68905473 0.2371134  0.88118812] [0.7994228  0.21904762 0.5993266 ]

TFLB1 ep010-loss0.183-val_loss0.196.h5
227
precision: [0.97307692 0.27225131 0.45637584]
recall: [0.62935323 0.53608247 0.67326733]
fscore: [0.76435045 0.36111111 0.544     ]
[0.97307692 0.27225131 0.45637584] [0.62935323 0.53608247 0.67326733] [0.76435045 0.36111111 0.544     ]

TFLB1 ep011-loss0.176-val_loss0.132.h5
218
precision: [0.93114754 0.30841121 0.34574468]
recall: [0.70646766 0.34020619 0.64356436]
fscore: [0.80339463 0.32352941 0.44982699]
[0.93114754 0.30841121 0.34574468] [0.70646766 0.34020619 0.64356436] [0.80339463 0.32352941 0.44982699]

TFLB1 ep012-loss0.164-val_loss0.080.h5
255
precision: [0.9707113  0.24761905 0.33984375]
recall: [0.57711443 0.26804124 0.86138614]
fscore: [0.72386895 0.25742574 0.48739496]
[0.9707113  0.24761905 0.33984375] [0.57711443 0.26804124 0.86138614] [0.72386895 0.25742574 0.48739496]

TFLB1 ep013-loss0.141-val_loss0.086.h5
204 0.6600
precision [0.93569132 0.1875     0.41333333] 0.5071
recall [0.7238806  0.12371134 0.92079208] 0.5836
f1 [0.81626928 0.14906832 0.57055215] 0.5073

TFLB1 ep014-loss0.130-val_loss0.073.h5
181 0.6983
precision [0.90697674 0.24705882 0.50292398] 0.5468
recall [0.7761194  0.21649485 0.85148515] 0.6086
f1 [0.83646113 0.23076923 0.63235294] 0.5616

TFLB1 ep015-loss0.139-val_loss0.040.h5
158 0.7367
precision [0.90566038 0.29268293 0.55782313] 0.5795
recall [0.8358209  0.24742268 0.81188119] 0.6254
f1 [0.86934023 0.26815642 0.66129032] 0.5945

TFLB1 ep016-loss0.139-val_loss0.061.h5
175 0.7083
precision [0.92397661 0.32307692 0.45595855] 0.5620
recall [0.78606965 0.21649485 0.87128713] 0.6184
f1 [0.84946237 0.25925926 0.59863946] 0.5643

TFLB1 ep017-loss0.116-val_loss0.088.h5
209 0.6517
precision [0.94326241 0.30526316 0.5234375 ] 0.5847
recall [0.66169154 0.59793814 0.66336634] 0.6346
f1 [0.77777778 0.40418118 0.58515284] 0.5845

TFLB1 ep018-loss0.109-val_loss0.052.h5
206 0.6567
precision [0.91935484 0.23387097 0.48192771] 0.5396
recall [0.70895522 0.29896907 0.79207921] 0.5940
f1 [0.8005618  0.26244344 0.59925094] 0.5494

TFLB1 ep019-loss0.115-val_loss0.101.h5
148 0.7533
precision [0.92643052 0.38235294 0.55725191] 0.6158
recall [0.84577114 0.40206186 0.72277228] 0.6503
f1 [0.88426528 0.3919598  0.62931034] 0.6301

TFLB1 ep020-loss0.132-val_loss0.132.h5
190 0.6833
precision [0.92238806 0.27058824 0.43333333] 0.5367
recall [0.76865672 0.2371134  0.77227723] 0.5868
f1 [0.8385346  0.25274725 0.55516014] 0.5442

----------------------------------------------------
TFLB2 ep001-loss0.846-val_loss0.585.h5
266 0.5567
precision [0.98104265 0.25827815 0.56321839] 0.5948
recall [0.51492537 0.80412371 0.48514851] 0.5954
f1 [0.67536705 0.39097744 0.5212766 ] 0.5252

TFLB2 ep002-loss0.609-val_loss0.499.h5
283 0.5283
precision [0.98445596 0.23529412 0.54455446] 0.5822
recall [0.47263682 0.74226804 0.54455446] 0.5806
f1 [0.63865546 0.3573201  0.54455446] 0.5096

TFLB2 ep003-loss0.478-val_loss0.425.h5
251 0.5817
precision [0.99074074 0.26953125 0.515625  ] 0.5860
recall [0.53233831 0.71134021 0.65346535] 0.6261
f1 [0.69255663 0.39093484 0.57641921] 0.5491

TFLB2 ep004-loss0.384-val_loss0.353.h5
219 0.6350
precision [0.96862745 0.27692308 0.53333333] 0.5870
recall [0.61442786 0.55670103 0.79207921] 0.6479
f1 [0.75190259 0.36986301 0.6374502 ] 0.5818

TFLB2 ep005-loss0.337-val_loss0.341.h5
176 0.7067
precision [0.94879518 0.32786885 0.47260274] 0.5773
recall [0.78358209 0.41237113 0.68316832] 0.6201
f1 [0.85831063 0.3652968  0.55870445] 0.5894

TFLB2 ep006-loss0.298-val_loss0.273.h5
209 0.6517
precision [0.95317726 0.23776224 0.4556962 ] 0.5434
recall [0.70895522 0.35051546 0.71287129] 0.5849
f1 [0.81312411 0.28333333 0.55598456] 0.5462

TFLB2 ep007-loss0.224-val_loss0.291.h5
170 0.7167
precision [0.93823529 0.3442623  0.5       ] 0.5882
recall [0.79353234 0.43298969 0.68316832] 0.6302
f1 [0.85983827 0.38356164 0.57740586] 0.6021

TFLB2 ep008-loss0.186-val_loss0.410.h5
164 0.7267
precision [0.925      0.36885246 0.49152542] 0.5892
recall [0.82835821 0.46391753 0.57425743] 0.6160
f1 [0.87401575 0.4109589  0.52968037] 0.6002

TFLB2 ep009-loss0.183-val_loss0.267.h5
163 0.7283
precision [0.96363636 0.375      0.49333333] 0.6045
recall [0.79104478 0.46391753 0.73267327] 0.6559
f1 [0.86885246 0.41474654 0.58964143] 0.6195

TFLB2 ep010-loss0.176-val_loss0.350.h5
186 0.6900
precision [0.93167702 0.31896552 0.47530864] 0.5696
recall [0.74626866 0.3814433  0.76237624] 0.6237
f1 [0.82872928 0.34741784 0.58555133] 0.5825

TFLB2 ep011-loss0.170-val_loss0.046.h5
256 0.5733
precision [0.98283262 0.20779221 0.38967136] 0.5215
recall [0.56965174 0.32989691 0.82178218] 0.5680
f1 [0.72125984 0.25498008 0.52866242] 0.4975

TFLB2 ep012-loss0.154-val_loss0.104.h5
245 0.5917
precision [0.96521739 0.26368159 0.47337278] 0.5617
recall [0.55223881 0.54639175 0.79207921] 0.6239
f1 [0.70253165 0.3557047  0.59259259] 0.5459

TFLB2 ep013-loss0.143-val_loss0.079.h5
198 0.6700
precision [0.95348837 0.25675676 0.42666667] 0.5402
recall [0.71393035 0.19587629 0.95049505] 0.6139
f1 [0.81650071 0.22222222 0.58895706] 0.5379

TFLB2 ep014-loss0.158-val_loss0.104.h5
217 0.6383
precision [0.96282528 0.28717949 0.5       ] 0.5775
recall [0.64427861 0.57731959 0.67326733] 0.6253
f1 [0.77198212 0.38356164 0.57383966] 0.5720

TFLB2 ep015-loss0.136-val_loss0.067.h5
211 0.6483
precision [0.95683453 0.27096774 0.48502994] 0.5652
recall [0.66169154 0.43298969 0.8019802 ] 0.6259
f1 [0.78235294 0.33333333 0.60447761] 0.5688

TFLB2 ep016-loss0.173-val_loss0.097.h5
193 0.6783
precision [0.96632997 0.29787234 0.44019139] 0.5624
recall [0.71393035 0.28865979 0.91089109] 0.6314
f1 [0.8211731  0.29319372 0.59354839] 0.5646

TFLB2 ep017-loss0.140-val_loss0.068.h5
196 0.6733
precision [0.95       0.28476821 0.51006711] 0.5758
recall [0.70895522 0.44329897 0.75247525] 0.6286
f1 [0.81196581 0.34677419 0.608     ] 0.5842

TFLB2 ep018-loss0.093-val_loss0.084.h5
225 0.6250
precision [0.96538462 0.27624309 0.46540881] 0.5633
recall [0.62437811 0.51546392 0.73267327] 0.6179
f1 [0.75830816 0.35971223 0.56923077] 0.5580

TFLB2 ep019-loss0.118-val_loss0.059.h5
191 0.6817
precision [0.96610169 0.33333333 0.48322148] 0.5883
recall [0.70895522 0.53608247 0.71287129] 0.6461
f1 [0.81779053 0.41106719 0.576     ] 0.5970

TFLB2 ep020-loss0.120-val_loss0.084.h5
166 0.7233
precision [0.95107034 0.35042735 0.52564103] 0.6030
recall [0.77363184 0.42268041 0.81188119] 0.6627
f1 [0.85322359 0.38317757 0.6381323 ] 0.6199

----------------------------------------------------

TFLB3 ep001-loss0.871-val_loss0.615.h5
385 0.3583
precision [0.97560976 0.16231884 0.4566474 ] 0.5262
recall [0.19900498 0.57731959 0.78217822] 0.5143
f1 [0.33057851 0.25339367 0.57664234] 0.3838

TFLB3 ep002-loss0.631-val_loss0.368.h5
379 0.3683
precision [0.98958333 0.17027027 0.47014925] 0.5379
recall [0.23631841 0.64948454 0.62376238] 0.4982
f1 [0.3815261  0.26980728 0.53617021] 0.3928

TFLB3 ep003-loss0.459-val_loss0.356.h5
240 0.6000
precision [0.96       0.24434389 0.51162791] 0.5663
recall [0.59701493 0.55670103 0.65346535] 0.5964
f1 [0.73619632 0.33962264 0.57391304] 0.5455

TFLB3 ep004-loss0.377-val_loss0.138.h5
222 0.6300
precision [0.95488722 0.24858757 0.50955414] 0.5653
recall [0.6318408  0.45360825 0.79207921] 0.6196
f1 [0.76047904 0.32116788 0.62015504] 0.5627

TFLB3 ep005-loss0.320-val_loss0.217.h5
196 0.6733
precision [0.94773519 0.31213873 0.55714286] 0.5996
recall [0.67661692 0.55670103 0.77227723] 0.6618
f1 [0.78955007 0.4        0.6473029 ] 0.6075

TFLB3 ep006-loss0.289-val_loss0.164.h5
212 0.6467
precision [0.96703297 0.30275229 0.41743119] 0.5568
recall [0.65671642 0.34020619 0.9009901 ] 0.6263
f1 [0.78222222 0.32038835 0.57053292] 0.5532

TFLB3 ep007-loss0.247-val_loss0.197.h5
196 0.6733
precision [0.93421053 0.28099174 0.49142857] 0.5632
recall [0.70646766 0.35051546 0.85148515] 0.6298
f1 [0.80453258 0.31192661 0.62318841] 0.5751

TFLB3 ep008-loss0.224-val_loss0.167.h5
198 0.6700
precision [0.94684385 0.32432432 0.43085106] 0.5617
recall [0.70895522 0.37113402 0.8019802 ] 0.6211
f1 [0.81081081 0.34615385 0.56055363] 0.5679

TFLB3 ep009-loss0.199-val_loss0.134.h5
205 0.6583
precision [0.95340502 0.28994083 0.52631579] 0.5840
recall [0.66169154 0.50515464 0.79207921] 0.6464
f1 [0.78120411 0.36842105 0.63241107] 0.5893

TFLB3 ep010-loss0.192-val_loss0.181.h5
202 0.6633
precision [0.96527778 0.30075188 0.44692737] 0.5653
recall [0.69154229 0.41237113 0.79207921] 0.6257
f1 [0.8057971  0.34782609 0.57142857] 0.5704

TFLB3 ep011-loss0.153-val_loss0.074.h5
191 0.6817
precision [0.95666667 0.33333333 0.45355191] 0.5754
recall [0.71393035 0.40206186 0.82178218] 0.6395
f1 [0.81766382 0.36448598 0.58450704] 0.5842

TFLB3 ep012-loss0.152-val_loss0.107.h5
214 0.6433
precision [0.94237288 0.23809524 0.43575419] 0.5334
recall [0.69154229 0.30927835 0.77227723] 0.5851
f1 [0.79770445 0.2690583  0.55714286] 0.5368

TFLB3 ep013-loss0.204-val_loss0.093.h5
225 0.6250
precision [0.95555556 0.25906736 0.48905109] 0.5622
recall [0.64179104 0.51546392 0.66336634] 0.6008
f1 [0.76785714 0.34482759 0.56302521] 0.5541

TFLB3 ep014-loss0.172-val_loss0.199.h5
224 0.6267
precision [0.94773519 0.25388601 0.45833333] 0.5478
recall [0.67661692 0.50515464 0.54455446] 0.5697
f1 [0.78955007 0.33793103 0.49773756] 0.5374

TFLB3 ep015-loss0.141-val_loss0.174.h5
257 0.5717
precision [0.94285714 0.20512821 0.40201005] 0.5115
recall [0.57462687 0.32989691 0.79207921] 0.5599
f1 [0.71406491 0.25296443 0.53333333] 0.4960

TFLB3 ep016-loss0.172-val_loss0.101.h5
231 0.6150
precision [0.95983936 0.24       0.5       ] 0.5609
recall [0.59452736 0.43298969 0.87128713] 0.6266
f1 [0.73425499 0.30882353 0.63537906] 0.5549

TFLB3 ep017-loss0.168-val_loss0.135.h5
233 0.6117
precision [0.94615385 0.23222749 0.55813953] 0.5731
recall [0.6119403  0.50515464 0.71287129] 0.6039
f1 [0.74320242 0.31818182 0.62608696] 0.5579

TFLB3 ep018-loss0.133-val_loss0.125.h5
201 0.6650
precision [0.96180556 0.26470588 0.48863636] 0.5660
recall [0.68905473 0.37113402 0.85148515] 0.6309
f1 [0.80289855 0.30901288 0.62093863] 0.5729

TFLB3 ep019-loss0.110-val_loss0.186.h5
226 0.6233
precision [0.96899225 0.26973684 0.43684211] 0.5529
recall [0.62189055 0.42268041 0.82178218] 0.6159
f1 [0.75757576 0.32931727 0.57044674] 0.5480

TFLB3 ep020-loss0.143-val_loss0.151.h5
166 0.7233
precision [0.92977528 0.3203125  0.53448276] 0.5889
recall [0.82338308 0.42268041 0.61386139] 0.6138
f1 [0.87335092 0.36444444 0.57142857] 0.5982

-----------------------------------------------------------------

TFLB4 ep001-loss0.854-val_loss0.479.h5
259 0.5683
precision [0.95708155 0.25423729 0.59722222] 0.5968
recall [0.55472637 0.77319588 0.42574257] 0.5787
f1 [0.7023622  0.38265306 0.49710983] 0.5234

TFLB4 ep002-loss0.601-val_loss0.363.h5
189 0.6850
precision [0.93987342 0.31550802 0.56701031] 0.6014
recall [0.73880597 0.60824742 0.54455446] 0.6242
f1 [0.82729805 0.41549296 0.55555556] 0.5948

TFLB4 ep003-loss0.465-val_loss0.232.h5
193 0.6783
precision [0.95973154 0.29746835 0.51388889] 0.5845
recall [0.71144279 0.48453608 0.73267327] 0.6365
f1 [0.81714286 0.36862745 0.60408163] 0.5919

TFLB4 ep004-loss0.369-val_loss0.247.h5
206 0.6567
precision [0.92881356 0.27777778 0.56      ] 0.5830
recall [0.68159204 0.51546392 0.69306931] 0.6237
f1 [0.78622669 0.36101083 0.61946903] 0.5842

TFLB4 ep005-loss0.306-val_loss0.253.h5
248 0.5867
precision [0.95918367 0.21393035 0.48051948] 0.5457
recall [0.58457711 0.44329897 0.73267327] 0.5810
f1 [0.72642968 0.2885906  0.58039216] 0.5274

TFLB4 ep006-loss0.336-val_loss0.376.h5
279 0.5350
precision [0.97536946 0.24311927 0.39106145] 0.5312
recall [0.49253731 0.54639175 0.69306931] 0.5716
f1 [0.65454545 0.33650794 0.5       ] 0.4932

TFLB4 ep007-loss0.336-val_loss0.203.h5
182 0.6967
precision [0.92307692 0.27586207 0.50684932] 0.5629
recall [0.7761194  0.32989691 0.73267327] 0.6068
f1 [0.84324324 0.30046948 0.59919028] 0.5761

TFLB4 ep008-loss0.299-val_loss0.294.h5
218 0.6367
precision [0.97692308 0.2739726  0.56198347] 0.5983
recall [0.6318408  0.6185567  0.67326733] 0.6348
f1 [0.7673716  0.37974684 0.61261261] 0.5820

TFLB4
205 0.6583
precision [0.96193772 0.31147541 0.41798942] 0.5582
recall [0.69154229 0.39175258 0.78217822] 0.6156
f1 [0.80463097 0.34703196 0.54482759] 0.5610

TFLB4 ep010-loss0.237-val_loss0.259.h5
226 0.6233
precision [0.93609023 0.27604167 0.50704225] 0.5673
recall [0.61940299 0.54639175 0.71287129] 0.6200
f1 [0.74550898 0.36678201 0.59259259] 0.5638

TFLB4 ep011-loss0.257-val_loss0.095.h5
209 0.6517
precision [0.96309963 0.30864198 0.47904192] 0.5778
recall [0.64925373 0.51546392 0.79207921] 0.6457
f1 [0.7756315  0.38610039 0.59701493] 0.5817

TFLB4 ep012-loss0.205-val_loss0.089.h5
179 0.7017
precision [0.96091205 0.32231405 0.50581395] 0.5904
recall [0.73383085 0.40206186 0.86138614] 0.6591
f1 [0.83215797 0.35779817 0.63736264] 0.6042

TFLB4 ep013-loss0.173-val_loss0.093.h5
168 0.7200
precision [0.94100295 0.35632184 0.47126437] 0.5836
recall [0.79353234 0.31958763 0.81188119] 0.6353
f1 [0.86099865 0.33695652 0.59636364] 0.5932

TFLB4 ep014-loss0.180-val_loss0.089.h5
181 0.6983
precision [0.92615385 0.29166667 0.5027933 ] 0.5678
recall [0.74875622 0.28865979 0.89108911] 0.6364
f1 [0.82806052 0.29015544 0.64285714] 0.5821

TFLB4 ep015-loss0.247-val_loss0.142.h5
177 0.7050
precision [0.940625   0.31333333 0.57692308] 0.6042
recall [0.74875622 0.48453608 0.74257426] 0.6520
f1 [0.83379501 0.3805668  0.64935065] 0.6163

TFLB4 ep016-loss0.254-val_loss0.103.h5
275 0.5417
precision [0.97129187 0.25625    0.35064935] 0.5208
recall [0.50497512 0.42268041 0.8019802 ] 0.5708
f1 [0.66448445 0.31906615 0.48795181] 0.4866

TFLB4 ep017-loss0.278-val_loss0.193.h5
219 0.6350
precision [0.94852941 0.24277457 0.52258065] 0.5656
recall [0.64179104 0.43298969 0.8019802 ] 0.6193
f1 [0.76557864 0.31111111 0.6328125 ] 0.5652

TFLB4 ep018-loss0.198-val_loss0.123.h5
precision [0.92481203 0.22839506 0.50581395] 0.5475
recall [0.6119403  0.3814433  0.86138614] 0.6121
f1 [0.73652695 0.28571429 0.63736264] 0.5486

TFLB4 ep019-loss0.188-val_loss0.183.h5
precision [0.9566787  0.2        0.43523316] 0.5253
recall [0.65920398 0.26804124 0.83168317] 0.5804
f1 [0.78055965 0.22907489 0.57142857] 0.5225

TFLB4 ep020-loss0.194-val_loss0.130.h5
216 0.6400
precision [0.97769517 0.27480916 0.425     ] 0.5536
recall [0.65422886 0.37113402 0.84158416] 0.6161
f1 [0.78390462 0.31578947 0.56478405] 0.5503

-------------------------------------
EFTB0 ep001-loss0.677-val_loss0.528.h5
250 0.5833
precision [0.98723404 0.28289474 0.52459016] 0.5923
recall [0.57711443 0.88659794 0.31683168] 0.5876
f1 [0.72841444 0.42892768 0.39506173] 0.5137

EFTB0 ep002-loss0.328-val_loss0.276.h5
224 0.6267
precision [0.97358491 0.3        0.4       ] 0.5523
recall [0.64179104 0.49484536 0.69306931] 0.6038
f1 [0.77361319 0.37354086 0.50724638] 0.5472

EFTB0 ep003-loss0.198-val_loss0.159.h5
171 0.7150
precision [0.9380531 0.3442623 0.45     ] 0.5717
recall [0.79104478 0.21649485 0.89108911] 0.6265
f1 [0.8582996  0.26582278 0.59800664] 0.5692

EFTB0 ep004-loss0.164-val_loss0.204.h5
172 0.7133
precision [0.94328358 0.32978723 0.47368421] 0.5764
recall [0.78606965 0.31958763 0.8019802 ] 0.6295
f1 [0.85753053 0.32460733 0.59558824] 0.5877

EFTB0 ep005-loss0.124-val_loss0.269.h5
178 0.7033
precision [0.92507205 0.20754717 0.45      ] 0.5223
recall [0.79850746 0.11340206 0.89108911] 0.5950
f1 [0.85714286 0.14666667 0.59800664] 0.5291

EFTB0 ep006-loss0.116-val_loss0.366.h5
208 0.6533
precision [0.96527778 0.25842697 0.40807175] 0.5385
recall [0.69154229 0.2371134  0.9009901 ] 0.6038
f1 [0.8057971  0.24731183 0.5617284 ] 0.5337

EFTB0 ep007-loss0.090-val_loss0.213.h5
186 0.6900
precision [0.93670886 0.33333333 0.45      ] 0.5676
recall [0.73631841 0.28865979 0.89108911] 0.6323
f1 [0.82451253 0.30939227 0.59800664] 0.5726

EFTB0 ep008-loss0.084-val_loss0.282.h5
178 0.7033
precision [0.95873016 0.32592593 0.50666667] 0.5911
recall [0.75124378 0.45360825 0.75247525] 0.6459
f1 [0.84239888 0.37931034 0.60557769] 0.6043

EFTB0 ep009-loss0.074-val_loss0.284.h5
184 0.6933
precision [0.94984326 0.45238095 0.39330544] 0.5925
recall [0.75373134 0.19587629 0.93069307] 0.6205
f1 [0.84049931 0.27338129 0.55294118] 0.5510

EFTB0 ep010-loss0.069-val_loss0.317.h5
235 0.6083
precision [0.98069498 0.25       0.38341969] 0.5327
recall [0.6318408  0.3814433  0.73267327] 0.5762
f1 [0.76853253 0.30204082 0.50340136] 0.5204

EFTB0 ep011-loss0.068-val_loss0.010.h5
177 0.7050
precision [0.94495413 0.39285714 0.42396313] 0.5814
recall [0.76865672 0.22680412 0.91089109] 0.6291
f1 [0.84773663 0.2875817  0.57861635] 0.5665

EFTB0 ep012-loss0.051-val_loss0.034.h5
151 0.7483
precision [0.93575419 0.41975309 0.49689441] 0.6113
recall [0.83333333 0.35051546 0.79207921] 0.6521
f1 [0.88157895 0.38202247 0.61068702] 0.6198

EFTB0 ep013-loss0.042-val_loss0.022.h5
174 0.7100
precision [0.94637224 0.39215686 0.47513812] 0.5985
recall [0.74626866 0.41237113 0.85148515] 0.6633
f1 [0.83449235 0.40201005 0.60992908] 0.6106

EFTB0 ep014-loss0.031-val_loss0.025.h5
171 0.7150
precision [0.96048632 0.34782609 0.43111111] 0.5740
recall [0.78606965 0.16494845 0.96039604] 0.6308
f1 [0.86456908 0.22377622 0.59509202] 0.5563

EFTB0 ep015-loss0.020-val_loss0.015.h5
189 0.6850
precision [0.96440129 0.32941176 0.41262136] 0.5631
recall [0.74129353 0.28865979 0.84158416] 0.6176
f1 [0.83825598 0.30769231 0.55374593] 0.5619

EFTB0 ep016-loss0.027-val_loss0.029.h5
168 0.7200
precision [0.94594595 0.375      0.45812808] 0.5871
recall [0.78358209 0.24742268 0.92079208] 0.6441
f1 [0.85714286 0.29813665 0.61184211] 0.5841

EFTB0 ep017-loss0.020-val_loss0.023.h5
166 0.7233
precision [0.93567251 0.41666667 0.4516129 ] 0.5953
recall [0.7960199  0.30927835 0.83168317] 0.6392
f1 [0.86021505 0.35502959 0.58536585] 0.5954

EFTB0 ep018-loss0.019-val_loss0.027.h5
153 0.7450
precision [0.95043732 0.40540541 0.49726776] 0.6115
recall [0.81094527 0.30927835 0.9009901 ] 0.6670
f1 [0.87516779 0.35087719 0.64084507] 0.6172

EFTB0 ep019-loss0.015-val_loss0.020.h5
161 0.7317
precision [0.92243767 0.35416667 0.46596859] 0.5750
recall [0.82835821 0.17525773 0.88118812] 0.6220
f1 [0.87287025 0.23448276 0.60958904] 0.5674

EFTB0 ep020-loss0.023-val_loss0.034.h5
210 0.6500
precision [0.98545455 0.2972973  0.40186916] 0.5559
recall [0.67412935 0.34020619 0.85148515] 0.6157
f1 [0.80059084 0.31730769 0.54603175] 0.5501

-----------------

EFTB1 ep_001-loss0.709-val_loss0.274.h5
196 0.6733
precision [0.94966443 0.29518072 0.52941176] 0.5855
recall [0.7039801  0.50515464 0.71287129] 0.6343
f1 [0.80857143 0.37262357 0.60759494] 0.5915

EFTB1 ep_002-loss0.367-val_loss0.214.h5
301 0.4983
precision [0.97282609 0.21818182 0.36734694] 0.5143
recall [0.44527363 0.49484536 0.71287129] 0.5455
f1 [0.6109215  0.30283912 0.48484848] 0.4625

EFTB1 ep_003-loss0.231-val_loss0.152.h5
172 0.7133
precision [0.93865031 0.34       0.50574713] 0.5889
recall [0.76119403 0.35051546 0.87128713] 0.6544
f1 [0.84065934 0.34517766 0.64      ] 0.6037

EFTB1 ep_004-loss0.202-val_loss0.140.h5
203 0.6617
precision [0.93312102 0.25       0.47887324] 0.5485
recall [0.72885572 0.37113402 0.67326733] 0.5852
f1 [0.81843575 0.29875519 0.55967078] 0.5544

EFTB1 ep_005-loss0.175-val_loss0.238.h5
191 0.6817
precision [0.9375     0.375      0.39112903] 0.5622
recall [0.74626866 0.12371134 0.96039604] 0.6040
f1 [0.83102493 0.18604651 0.55587393] 0.5197

EFTB1 ep_006-loss0.169-val_loss0.124.h5
229 0.6183
precision [0.94444444 0.22857143 0.40888889] 0.5220
recall [0.63432836 0.24742268 0.91089109] 0.5916
f1 [0.75892857 0.23762376 0.56441718] 0.5159

EFTB1 ep_007-loss0.143-val_loss0.133.h5
183 0.6950
precision [0.94551282 0.32352941 0.47849462] 0.5767
recall [0.73383085 0.34020619 0.88118812] 0.6452
f1 [0.82633053 0.33165829 0.62020906] 0.5879

EFTB1 ep_008-loss0.113-val_loss0.176.h5
247 0.5883
precision [0.93023256 0.20289855 0.52592593] 0.5475
recall [0.59701493 0.43298969 0.7029703 ] 0.5719
f1 [0.72727273 0.27631579 0.60169492] 0.5307

EFTB1 ep_009-loss0.112-val_loss0.146.h5
190 0.6833
precision [0.95098039 0.28421053 0.46231156] 0.5602
recall [0.7238806  0.27835052 0.91089109] 0.6313
f1 [0.8220339  0.28125    0.61333333] 0.5674

EFTB1 ep_010-loss0.091-val_loss0.221.h5
200 0.6667
precision [0.91717791 0.26086957 0.42307692] 0.5284
recall [0.74378109 0.24742268 0.76237624] 0.5787
f1 [0.82142857 0.25396825 0.54416961] 0.5353

EFTB1 ep011-loss0.081-val_loss0.047.h5
227 0.6217
precision [0.9588015  0.22580645 0.42583732] 0.5314
recall [0.63681592 0.28865979 0.88118812] 0.5962
f1 [0.76532138 0.25339367 0.57419355] 0.5265

EFTB1 ep012-loss0.049-val_loss0.064.h5
197 0.6717
precision [0.94805195 0.31818182 0.40686275] 0.5521
recall [0.72636816 0.28865979 0.82178218] 0.6061
f1 [0.82253521 0.3027027  0.5442623 ] 0.5519

EFTB1 ep013-loss0.043-val_loss0.050.h5
202 0.6633
precision [0.93831169 0.27692308 0.40088106] 0.5333
recall [0.71890547 0.18556701 0.9009901 ] 0.5958
f1 [0.81408451 0.22222222 0.55487805] 0.5258

EFTB1 ep014-loss0.030-val_loss0.035.h5
203 0.6617
precision [0.94983278 0.28089888 0.41509434] 0.5431
recall [0.70646766 0.25773196 0.87128713] 0.6057
f1 [0.81027104 0.2688172  0.56230032] 0.5425

EFTB1 ep015-loss0.027-val_loss0.031.h5
179 0.7017
precision [0.92705167 0.33783784 0.46192893] 0.5699
recall [0.75870647 0.25773196 0.9009901 ] 0.6328
f1 [0.83447332 0.29239766 0.61073826] 0.5744

EFTB1 ep016-loss0.036-val_loss0.061.h5
196 0.6733
precision [0.95192308 0.27160494 0.41062802] 0.5393
recall [0.73880597 0.22680412 0.84158416] 0.5964
f1 [0.83193277 0.24719101 0.55194805] 0.5391

EFTB1 ep017-loss0.017-val_loss0.057.h5
194 0.6767
precision [0.95081967 0.34782609 0.40707965] 0.5629
recall [0.72139303 0.24742268 0.91089109] 0.6203
f1 [0.82036775 0.28915663 0.56269113] 0.5528

EFTB1 ep018-loss0.022-val_loss0.107.h5
185 0.6917
precision [0.95806452 0.30769231 0.45226131] 0.5669
recall [0.73880597 0.28865979 0.89108911] 0.6331
f1 [0.83426966 0.29787234 0.6       ] 0.5726

EFTB1 ep019-loss0.036-val_loss0.063.h5
194 0.6767
precision [0.93870968 0.27419355 0.48795181] 0.5613
recall [0.7238806  0.35051546 0.8019802 ] 0.6192
f1 [0.81741573 0.30769231 0.60674157] 0.5725

EFTB1 ep020-loss0.014-val_loss0.039.h5
176 0.7067
precision [0.91836735 0.27058824 0.5       ] 0.5574
recall [0.78358209 0.2371134  0.85148515] 0.6178
f1 [0.84563758 0.25274725 0.63003663] 0.5712

---------------------------------------------

EFTB2 ep_001-loss0.700-val_loss0.490.h5
precision [0.96902655 0.24633431 0.66666667] 0.6211
recall [0.54477612 0.86597938 0.21782178] 0.5374
f1 [0.69745223 0.38356164 0.32835821] 0.4664

EFTB2 ep_002-loss0.409-val_loss0.223.h5
241 0.5983
precision [0.96694215 0.25837321 0.47651007] 0.5616
recall [0.58208955 0.55670103 0.7029703 ] 0.6078
f1 [0.72670807 0.35294118 0.568     ] 0.5449

EFTB2 ep_003-loss0.282-val_loss0.306.h5
168 0.7200
precision [0.9380531  0.33333333 0.50641026] 0.5867
recall [0.79104478 0.36082474 0.78217822] 0.6382
f1 [0.8582996  0.34653465 0.61478599] 0.6016

EFTB2 ep_004-loss0.229-val_loss0.262.h5
224 0.6267
precision [0.98425197 0.29310345 0.4       ] 0.5535
recall [0.62189055 0.35051546 0.91089109] 0.6215
f1 [0.76219512 0.31924883 0.55589124] 0.5414

EFTB2 ep_005-loss0.172-val_loss0.219.h5
239 0.6017
precision [0.97083333 0.26347305 0.43523316] 0.5509
recall [0.57960199 0.45360825 0.83168317] 0.6154
f1 [0.7258567  0.33333333 0.57142857] 0.5392

EFTB2 ep_006-loss0.156-val_loss0.241.h5
195 0.6750
precision [0.95608108 0.33108108 0.46794872] 0.5792
recall [0.7039801  0.50515464 0.72277228] 0.6375
f1 [0.81088825 0.4        0.56809339] 0.5884

EFTB2 ep_007-loss0.118-val_loss0.181.h5
157 0.7383
precision [0.9408284  0.40659341 0.51461988] 0.6145
recall [0.79104478 0.3814433  0.87128713] 0.6744
f1 [0.85945946 0.39361702 0.64705882] 0.6283

EFTB2 ep_008-loss0.098-val_loss0.172.h5
210 0.6500
precision [0.96028881 0.27152318 0.48255814] 0.5657
recall [0.66169154 0.42268041 0.82178218] 0.6290
f1 [0.78350515 0.33064516 0.60805861] 0.5694

EFTB2 ep_009-loss0.113-val_loss0.210.h5
166 0.7233
precision [0.92961877 0.29487179 0.51933702] 0.5755
recall [0.78855721 0.2371134  0.93069307] 0.6456
f1 [0.85329744 0.26285714 0.66666667] 0.5892

EFTB2 ep_010-loss0.094-val_loss0.439.h5
224 0.6267
precision [0.96498054 0.25503356 0.46391753] 0.5557
recall [0.61691542 0.39175258 0.89108911] 0.6269
f1 [0.75265554 0.30894309 0.61016949] 0.5527

EFTB2 ep011-loss0.072-val_loss0.048.h5
223 0.6283
precision [0.95925926 0.29166667 0.37596899] 0.5369
recall [0.64427861 0.21649485 0.96039604] 0.6010
f1 [0.77083333 0.24852071 0.54038997] 0.5155

EFTB2 ep012-loss0.040-val_loss0.057.h5
219 0.6350
precision [0.96654275 0.3        0.38645418] 0.5455
recall [0.64676617 0.24742268 0.96039604] 0.6120
f1 [0.77496274 0.27118644 0.55113636] 0.5280

EFTB2 ep013-loss0.045-val_loss0.047.h5
185 0.6917
precision [0.96979866 0.33684211 0.45410628] 0.5810
recall [0.71890547 0.32989691 0.93069307] 0.6532
f1 [0.82571429 0.33333333 0.61038961] 0.5850

EFTB2 ep014-loss0.032-val_loss0.066.h5
172 0.7133
precision [0.95076923 0.3372093  0.47619048] 0.5822
recall [0.76865672 0.29896907 0.89108911] 0.6464
f1 [0.85006878 0.31693989 0.62068966] 0.5910

EFTB2 ep015-loss0.034-val_loss0.086.h5
171 0.7150
precision [0.94294294 0.30088496 0.52597403] 0.5840
recall [0.78109453 0.35051546 0.8019802 ] 0.6381
f1 [0.85442177 0.32380952 0.63529412] 0.5995

EFTB2 ep016-loss0.028-val_loss0.069.h5
200 0.6667
precision [0.97153025 0.2919708  0.47802198] 0.5747
recall [0.67910448 0.41237113 0.86138614] 0.6444
f1 [0.79941435 0.34188034 0.61484099] 0.5807

EFTB2 ep017-loss0.021-val_loss0.123.h5
precision [0.90237467 0.34042553 0.58267717] 0.6024
recall [0.85074627 0.32989691 0.73267327] 0.6314
f1 [0.87580026 0.33507853 0.64912281] 0.6149

EFTB2 ep018-loss0.028-val_loss0.060.h5
176 0.7067
precision [0.95859873 0.31623932 0.50887574] 0.5886
recall [0.74875622 0.3814433  0.85148515] 0.6540
f1 [0.84078212 0.34579439 0.63703704] 0.6029

EFTB2 ep019-loss0.032-val_loss0.067.h5
161 0.7317
precision [0.93162393 0.37333333 0.48275862] 0.5899
recall [0.81343284 0.28865979 0.83168317] 0.6381
f1 [0.8685259  0.3255814  0.61090909] 0.5967

EFTB2 ep020-loss0.021-val_loss0.098.h5
164 0.7267
precision [0.93023256 0.32941176 0.51461988] 0.5855
recall [0.7960199  0.28865979 0.87128713] 0.6455
f1 [0.85790885 0.30769231 0.64705882] 0.5992

-------------------------------------------

EFTB3 ep_001-loss0.702-val_loss0.390.h5
250 0.5833
precision [0.96170213 0.24267782 0.52380952] 0.5703
recall [0.56218905 0.59793814 0.65346535] 0.5985
f1 [0.70957614 0.3452381  0.5814978 ] 0.5411

EFTB3 ep_002-loss0.425-val_loss0.226.h5
194 0.6767
precision [0.94407895 0.32142857 0.45108696] 0.5665
recall [0.71393035 0.37113402 0.82178218] 0.6293
f1 [0.81303116 0.34449761 0.58245614] 0.5753

EFTB3 ep_003-loss0.282-val_loss0.205.h5
213 0.6450
precision [0.96323529 0.30075188 0.43589744] 0.5610
recall [0.65174129 0.41237113 0.84158416] 0.6289
f1 [0.77744807 0.34782609 0.57432432] 0.5620

EFTB3 ep_004-loss0.212-val_loss0.237.h5
191 0.6817
precision [0.94754098 0.31168831 0.44036697] 0.5609
recall [0.71890547 0.24742268 0.95049505] 0.6326
f1 [0.8175389  0.27586207 0.60188088] 0.5604

EFTB3 ep_005-loss0.193-val_loss0.283.h5
209 0.6517
precision [0.96428571 0.35664336 0.39548023] 0.5664
recall [0.67164179 0.5257732  0.69306931] 0.6239
f1 [0.79178886 0.425      0.50359712] 0.5691

EFTB3 ep_006-loss0.144-val_loss0.246.h5
215 0.6417
precision [0.96428571 0.27142857 0.42777778] 0.5490
recall [0.67164179 0.39175258 0.76237624] 0.6025
f1 [0.79178886 0.32067511 0.5480427 ] 0.5490

EFTB3 ep_007-loss0.164-val_loss0.222.h5
223 0.6283
precision [0.9430605  0.22772277 0.40825688] 0.5211
recall [0.65920398 0.2371134  0.88118812] 0.5866
f1 [0.77598829 0.23232323 0.55799373] 0.5176

EFTB3 ep_008-loss0.116-val_loss0.222.h5
180 0.7000
precision [0.92966361 0.32231405 0.50657895] 0.5803
recall [0.75621891 0.40206186 0.76237624] 0.6338
f1 [0.8340192  0.35779817 0.60869565] 0.5954

EFTB3 ep_009-loss0.114-val_loss0.197.h5
154 0.7433
precision [0.904      0.39285714 0.50295858] 0.5939
recall [0.84328358 0.22680412 0.84158416] 0.6309
f1 [0.87258687 0.2875817  0.62962963] 0.5916

EFTB3 ep_010-loss0.096-val_loss0.252.h5
204 0.6600
precision [0.94539249 0.25757576 0.48571429] 0.5573
recall [0.68905473 0.35051546 0.84158416] 0.6208
f1 [0.7971223  0.29694323 0.61594203] 0.5653

EFTB3 ep011-loss0.070-val_loss0.033.h5
187 0.6883
precision [0.94805195 0.31896552 0.47727273] 0.5756
recall [0.72636816 0.3814433  0.83168317] 0.6400
f1 [0.82253521 0.34741784 0.60649819] 0.5874

EFTB3 ep012-loss0.039-val_loss0.049.h5
163 0.7283
precision [0.91436464 0.36363636 0.47674419] 0.5791
recall [0.82338308 0.24742268 0.81188119] 0.6213
f1 [0.86649215 0.29447853 0.6007326 ] 0.5823

EFTB3 ep013-loss0.032-val_loss0.022.h5
193 0.6783
precision [0.95695364 0.31858407 0.44324324] 0.5672
recall [0.71890547 0.37113402 0.81188119] 0.6276
f1 [0.82102273 0.34285714 0.57342657] 0.5744

EFTB3 ep014-loss0.028-val_loss0.046.h5
164 0.7267
precision [0.9244186  0.34285714 0.54304636] 0.5974
recall [0.79104478 0.37113402 0.81188119] 0.6514
f1 [0.85254692 0.35643564 0.65079365] 0.6149

EFTB3 ep015-loss0.028-val_loss0.054.h5
167 0.7217
precision [0.94642857 0.32967033 0.49132948] 0.5833
recall [0.79104478 0.30927835 0.84158416] 0.6408
f1 [0.86178862 0.31914894 0.62043796] 0.5955

EFTB3 ep016-loss0.023-val_loss0.035.h5
177 0.7050
precision [0.946875   0.34415584 0.53174603] 0.6015
recall [0.75373134 0.54639175 0.66336634] 0.6480
f1 [0.83933518 0.42231076 0.59030837] 0.6125

EFTB3 ep017-loss0.029-val_loss0.044.h5
175 0.7083
precision [0.94427245 0.33333333 0.48369565] 0.5812
recall [0.75870647 0.31958763 0.88118812] 0.6466
f1 [0.84137931 0.32631579 0.6245614 ] 0.5925

EFTB3 ep018-loss0.019-val_loss0.031.h5
210 0.6500
precision [0.95818815 0.3559322  0.37007874] 0.5558
recall [0.6840796  0.21649485 0.93069307] 0.6043
f1 [0.79825835 0.26923077 0.52957746] 0.5279

EFTB3 ep019-loss0.014-val_loss0.012.h5
146 0.7567
precision [0.91315789 0.40322581 0.51898734] 0.6057
recall [0.86318408 0.25773196 0.81188119] 0.6378
f1 [0.88746803 0.31446541 0.63320463] 0.6066

EFTB3 ep020-loss0.013-val_loss0.016.h5
180 0.7000
precision [0.9632107  0.3697479  0.48351648] 0.5994
recall [0.71641791 0.45360825 0.87128713] 0.6736
f1 [0.82168331 0.40740741 0.62190813] 0.6122


--------------------------------------

EFTB4 ep001-loss0.687-val_loss0.296.h5
239 0.6017
precision [0.96734694 0.24901186 0.59803922] 0.5988
recall [0.58955224 0.64948454 0.6039604 ] 0.6082
f1 [0.73261206 0.36       0.60098522] 0.5601

EFTB4 ep002-loss0.407-val_loss0.198.h5
315 0.4750
precision [0.98064516 0.1875     0.42926829] 0.5271
recall [0.37810945 0.46391753 0.87128713] 0.5654
f1 [0.54578097 0.26706231 0.5751634 ] 0.4589

EFTB4 ep003-loss0.310-val_loss0.168.h5
230 0.6167
precision [0.9766537  0.20149254 0.44019139] 0.5341
recall [0.62437811 0.27835052 0.91089109] 0.5985
f1 [0.76176024 0.23376623 0.59354839] 0.5252

EFTB4 ep004-loss0.270-val_loss0.185.h5
185 0.6917
precision [0.95765472 0.36111111 0.42986425] 0.5770
recall [0.73134328 0.26804124 0.94059406] 0.6402
f1 [0.82933709 0.30769231 0.59006211] 0.5710

EFTB4 ep005-loss0.228-val_loss0.150.h5
263 0.5617
precision [0.93859649 0.2        0.47457627] 0.5323
recall [0.53233831 0.40206186 0.83168317] 0.5828
f1 [0.67936508 0.26712329 0.60431655] 0.5126

EFTB4 ep006-loss0.186-val_loss0.193.h5
177 0.7050
precision [0.94345238 0.43902439 0.39461883] 0.5864
recall [0.78855721 0.18556701 0.87128713] 0.6090
f1 [0.85907859 0.26086957 0.54320988] 0.5497

EFTB4 ep007-loss0.160-val_loss0.216.h5
225 0.6250
precision [0.95437262 0.32758621 0.38914027] 0.5515
recall [0.62437811 0.39175258 0.85148515] 0.6163
f1 [0.75488722 0.35680751 0.53416149] 0.5443

EFTB4 ep008-loss0.142-val_loss0.193.h5
195 0.6750
precision [0.95065789 0.32380952 0.42931937] 0.5622
recall [0.71890547 0.35051546 0.81188119] 0.6208
f1 [0.81869688 0.33663366 0.56164384] 0.5677

EFTB4 ep009-loss0.123-val_loss0.164.h5
188 0.6867
precision [0.95819936 0.2962963  0.43269231] 0.5568
recall [0.74129353 0.24742268 0.89108911] 0.6203
f1 [0.83590463 0.26966292 0.58252427] 0.5580

EFTB4 ep010-loss0.110-val_loss0.171.h5
170 0.7167
precision [0.95412844 0.32142857 0.48148148] 0.5798
recall [0.7761194  0.27835052 0.9009901 ] 0.6453
f1 [0.85596708 0.29834254 0.62758621] 0.5890

EFTB4 ep011-loss0.077-val_loss0.044.h5
204 0.6600
precision [0.96113074 0.27096774 0.50617284] 0.5736
recall [0.67661692 0.43298969 0.81188119] 0.6341
f1 [0.79416058 0.33333333 0.62357414] 0.5790

EFTB4 ep012-loss0.061-val_loss0.011.h5
162 0.7300
precision [0.93428571 0.33333333 0.5       ] 0.5833
recall [0.81343284 0.28865979 0.82178218] 0.6349
f1 [0.86968085 0.30939227 0.62172285] 0.5953

EFTB4 ep013-loss0.044-val_loss0.062.h5
182 0.6967
precision [0.95765472 0.2983871  0.5147929 ] 0.5844
recall [0.73134328 0.3814433  0.86138614] 0.6515
f1 [0.82933709 0.33484163 0.64444444] 0.5980

EFTB4 ep014-loss0.038-val_loss0.059.h5
161 0.7317
precision [0.9375     0.36507937 0.46486486] 0.5833
recall [0.82089552 0.2371134  0.85148515] 0.6301
f1 [0.87533156 0.2875     0.6013986 ] 0.5831

EFTB4 ep015-loss0.035-val_loss0.016.h5
171 0.7150
precision [0.94152047 0.31666667 0.44444444] 0.5619
recall [0.80099502 0.19587629 0.87128713] 0.6165
f1 [0.8655914  0.24203822 0.58862876] 0.5606

EFTB4 ep016-loss0.032-val_loss0.049.h5
185 0.6917
precision [0.94952681 0.34722222 0.42180095] 0.5671
recall [0.74875622 0.25773196 0.88118812] 0.6229
f1 [0.83727399 0.29585799 0.57051282] 0.5632

EFTB4 ep017-loss0.026-val_loss0.075.h5
135 0.7750
precision [0.94836957 0.46875    0.51190476] 0.6366
recall [0.8681592  0.30927835 0.85148515] 0.6695
f1 [0.90649351 0.37267081 0.6394052 ] 0.6344

EFTB4 ep018-loss0.028-val_loss0.043.h5
162 0.7300
precision [0.95906433 0.38461538 0.4368932 ] 0.5876
recall [0.8159204  0.20618557 0.89108911] 0.6314
f1 [0.88172043 0.26845638 0.58631922] 0.5739

EFTB4 ep019-loss0.016-val_loss0.048.h5
162 0.7300
precision [0.95014663 0.37878788 0.4611399 ] 0.5907
recall [0.80597015 0.25773196 0.88118812] 0.6418
f1 [0.87213997 0.30674847 0.60544218] 0.5898

EFTB4 ep020-loss0.017-val_loss0.041.h5
160 0.7333
precision [0.95       0.37962963 0.5       ] 0.6038
recall [0.80348259 0.42268041 0.75247525] 0.6530
f1 [0.87061995 0.4        0.60079051] 0.6189

